2015-10-07 10:14:37|   0.1|  0.1|INFORM|FME 2016.0.0.0 Beta (20150909 - Build 16085 - WIN64)
2015-10-07 10:14:37|   0.1|  0.0|INFORM|FME_HOME is 'C:\Program Files\FME2016\64\'
2015-10-07 10:14:37|   0.1|  0.0|INFORM|FME ESRI Edition (node locked-crc)
2015-10-07 10:14:37|   0.1|  0.0|INFORM|Serial Number: S0601A0917
2015-10-07 10:14:37|   0.1|  0.0|INFORM|Permanent License.
2015-10-07 10:14:37|   0.1|  0.0|INFORM|Machine host name is: SVV-55247
2015-10-07 10:14:37|   0.1|  0.0|INFORM|START - ProcessID: 12128, peak process memory usage: 38512 kB, current process memory usage: 38512 kB
2015-10-07 10:14:37|   0.1|  0.0|INFORM|FME Configuration: Command line arguments are `C:\Program Files\FME2016\64\fme.exe' `C:/DATA/GitHub/SOSI-Vegnett/trunk/Eksempler/FME\wb-xlate-1444205674534_3320' `LOG_STANDARDOUT' `YES' `LogCountServerName' `{1dcfeecc-2461-4e5d-8742-eba17e68eff3}'
2015-10-07 10:14:38|   0.1|  0.1|INFORM|Shared folders for formats are : C:\Program Files\FME2016\64\datasources;C:\Users\knjetl\AppData\Roaming\Safe Software\FME\FME Store\Formats;\\SVV1P04AUSER01\KNJETL$\documents\FME\Formats
2015-10-07 10:14:38|   0.1|  0.0|INFORM|Shared folders for transformers are : C:\Program Files\FME2016\64\transformers;C:\Users\knjetl\AppData\Roaming\Safe Software\FME\FME Store\Transformers;\\SVV1P04AUSER01\KNJETL$\documents\FME\Transformers
2015-10-07 10:14:38|   0.1|  0.0|INFORM|Shared folders for coordinate systems are : \\SVV1P04AUSER01\KNJETL$\documents\FME\CoordinateSystems
2015-10-07 10:14:38|   0.1|  0.0|INFORM|Shared folders for coordinate system exceptions are : \\SVV1P04AUSER01\KNJETL$\documents\FME\CoordinateSystemExceptions
2015-10-07 10:14:38|   0.1|  0.0|INFORM|Shared folders for coordinate system grid overrides are : \\SVV1P04AUSER01\KNJETL$\documents\FME\CoordinateSystemGridOverrides
2015-10-07 10:14:38|   0.1|  0.0|INFORM|Shared folders for CS-MAP transformation exceptions are : \\SVV1P04AUSER01\KNJETL$\documents\FME\CsmapTransformationExceptions
2015-10-07 10:14:38|   0.1|  0.0|INFORM|Shared folders for transformer categories are : \\SVV1P04AUSER01\KNJETL$\documents\FME\TransformerCategories
2015-10-07 10:14:38|   0.1|  0.0|INFORM|FME Configuration: Reader Keyword is `GML_1'
2015-10-07 10:14:38|   0.1|  0.0|INFORM|FME Configuration: Writer Keyword is `MULTI_WRITER'
2015-10-07 10:14:38|   0.1|  0.0|INFORM|FME Configuration: Writer Group Definition Keyword is `MULTI_WRITER_DEF'
2015-10-07 10:14:38|   0.1|  0.0|INFORM|FME Configuration: Reader type is `GML'
2015-10-07 10:14:38|   0.1|  0.0|INFORM|FME Configuration: Writer type is `MULTI_WRITER'
2015-10-07 10:14:38|   0.1|  0.0|INFORM|FME Configuration: No destination coordinate system set
2015-10-07 10:14:38|   0.1|  0.0|INFORM|FME Configuration: Current working folder is `C:\DATA\GitHub\SOSI-Vegnett\trunk\Eksempler\FME'
2015-10-07 10:14:38|   0.1|  0.0|INFORM|FME Configuration: Temporary folder is `C:\Users\knjetl\AppData\Local\Temp'
2015-10-07 10:14:38|   0.1|  0.0|INFORM|FME Configuration: FME_HOME is `C:\Program Files\FME2016\64\'
2015-10-07 10:14:38|   0.1|  0.0|INFORM|FME Configuration: FME_BASE is 'no'
2015-10-07 10:14:38|   0.1|  0.0|INFORM|FME Configuration: FME_MF_DIR is 'C:\DATA\GitHub\SOSI-Vegnett\trunk\Eksempler\FME/'
2015-10-07 10:14:38|   0.1|  0.0|INFORM|FME Configuration: FME_MF_NAME is 'Vegnett_gml2spatialite.fmw'
2015-10-07 10:14:38|   0.1|  0.0|INFORM|FME Configuration: FME_PRODUCT_NAME is 'FME(R) 2016.0.0.0'
2015-10-07 10:14:38|   0.1|  0.0|INFORM|System Status: 142.17 GB of disk space available in the FME temporary folder (C:\Users\knjetl\AppData\Local\Temp)
2015-10-07 10:14:38|   0.1|  0.0|INFORM|System Status: 8.00 TB of virtual memory available
2015-10-07 10:14:38|   0.1|  0.0|INFORM|Operating System: Microsoft Windows 7 64-bit Service Pack 1 (Build 7601)
2015-10-07 10:14:38|   0.1|  0.0|INFORM|FME Platform: WIN64
2015-10-07 10:14:38|   0.1|  0.0|INFORM|Locale: nb_NO
2015-10-07 10:14:38|   0.1|  0.0|INFORM|Code Page: 1252  (ANSI - latin I)
2015-10-07 10:14:38|   0.1|  0.0|INFORM|FME Configuration: Process limits are 31.91 GB of physical memory and 8.00 TB of address space
2015-10-07 10:14:38|   0.1|  0.0|INFORM|FME Configuration: Start freeing memory when process usage exceeds 12.00 GB of memory or 8.00 TB of address space
2015-10-07 10:14:38|   0.1|  0.0|INFORM|FME Configuration: Stop freeing memory when process usage is below 9.00 GB of memory and 6.00 TB of address space
2015-10-07 10:14:38|   0.2|  0.1|INFORM|Creating writer for format: 
2015-10-07 10:14:39|   0.3|  0.1|INFORM|Creating reader for format: GML (Geography Markup Language)
2015-10-07 10:14:39|   0.3|  0.0|INFORM|Trying to find a DYNAMIC plugin for reader named `GML'
2015-10-07 10:14:39|   0.4|  0.1|INFORM|Loaded module 'GML' from file 'C:\Program Files\FME2016\64\plugins/GML.dll'
2015-10-07 10:14:39|   0.4|  0.0|INFORM|FME API version of module 'GML' matches current internal version (3.8 20150716)
2015-10-07 10:14:39|   0.4|  0.0|INFORM|The uri-map document 'C:\Program Files\FME2016\64\xml\urimap\gml_aixm.xml' is being used to map from URI to URI
2015-10-07 10:14:39|   0.4|  0.0|INFORM|The uri-map document 'C:\Program Files\FME2016\64\xml\urimap\gml_citygml.xml' is being used to map from URI to URI
2015-10-07 10:14:39|   0.4|  0.0|INFORM|The uri-map document 'C:\Program Files\FME2016\64\xml\urimap\gml_inspire.xml' is being used to map from URI to URI
2015-10-07 10:14:39|   0.4|  0.0|INFORM|The uri-map document 'C:\Program Files\FME2016\64\xml\urimap\gml_urimap.xml' is being used to map from URI to URI
2015-10-07 10:14:39|   0.4|  0.0|INFORM|Using MultiWriter $Revision$ ( $Date$ ) with keyword `MULTI_WRITER' to output data (ID_ATTRIBUTE is `multi_writer_id')
2015-10-07 10:14:39|   0.4|  0.0|INFORM|Writer output will be ordered by value of multi_writer_id
2015-10-07 10:14:39|   0.4|  0.0|INFORM|Loaded module 'LogCount_func' from file 'C:\Program Files\FME2016\64\plugins/LogCount_func.dll'
2015-10-07 10:14:39|   0.4|  0.0|INFORM|FME API version of module 'LogCount_func' matches current internal version (3.8 20150716)
2015-10-07 10:14:39|   0.5|  0.0|INFORM|Creating writer for format: FME Feature Store (FFS)
2015-10-07 10:14:39|   0.5|  0.0|INFORM|FME Configuration: No destination coordinate system set
2015-10-07 10:14:39|   0.5|  0.0|INFORM|URI 'https://raw.githubusercontent.com/jetgeo/SOSI-Vegnett/master/Eksempler/XSD/vegnettstest.xsd' mapped to 'https://raw.githubusercontent.com/jetgeo/SOSI-Vegnett/master/Eksempler/XSD/vegnettstest.xsd'
2015-10-07 10:14:39|   0.5|  0.0|INFORM|'https://raw.githubusercontent.com/jetgeo/SOSI-Vegnett/master/Eksempler/XSD/vegnettstest.xsd' mapped to 'C:\Users\knjetl\AppData\Local\Temp\FME_XSD_CACHE\fmexsd_1444132664625_10580.xml'
2015-10-07 10:14:39|   0.5|  0.0|INFORM|Parsing schema document 'C:\Users\knjetl\AppData\Local\Temp\FME_XSD_CACHE\fmexsd_1444132664625_10580.xml' ...
2015-10-07 10:14:39|   0.5|  0.0|INFORM|'https://raw.githubusercontent.com/jetgeo/SOSI-Vegnett/master/Eksempler/XSD/nettverk.xsd' mapped to 'C:\Users\knjetl\AppData\Local\Temp\FME_XSD_CACHE\fmexsd_1444132666782_10580.xml'
2015-10-07 10:14:39|   0.5|  0.0|INFORM|'https://raw.githubusercontent.com/jetgeo/SOSI-Vegnett/master/Eksempler/XSD/vegnettstest.xsd' mapped to 'C:\Users\knjetl\AppData\Local\Temp\FME_XSD_CACHE\fmexsd_1444132664625_10580.xml'
2015-10-07 10:14:39|   0.5|  0.1|INFORM|'https://raw.githubusercontent.com/jetgeo/SOSI-Vegnett/master/Eksempler/XSD/vegnett.xsd' mapped to 'C:\Users\knjetl\AppData\Local\Temp\FME_XSD_CACHE\fmexsd_1444132668399_10580.xml'
2015-10-07 10:14:39|   0.5|  0.0|INFORM|'https://raw.githubusercontent.com/jetgeo/SOSI-Vegnett/master/Eksempler/XSD/nettverk.xsd' mapped to 'C:\Users\knjetl\AppData\Local\Temp\FME_XSD_CACHE\fmexsd_1444132666782_10580.xml'
2015-10-07 10:14:39|   0.5|  0.0|INFORM|'https://raw.githubusercontent.com/jetgeo/SOSI-Vegnett/master/Eksempler/XSD/vegnettstest.xsd' mapped to 'C:\Users\knjetl\AppData\Local\Temp\FME_XSD_CACHE\fmexsd_1444132664625_10580.xml'
2015-10-07 10:14:39|   0.6|  0.0|INFORM|<GML_1 Reader> - Map Embedded Object as: 'ATTRIBUTES'
2015-10-07 10:14:39|   0.6|  0.0|INFORM|<GML_1 Reader> - Map Predefined Properties: 'NO'
2015-10-07 10:14:39|   0.6|  0.0|INFORM|<GML_1 Reader> - Map All Substitutable Properties: 'YES'
2015-10-07 10:14:39|   0.6|  0.0|INFORM|<GML_1 Reader> - Map Complex Properties as: 'NESTED_ATTRIBUTES'
2015-10-07 10:14:39|   0.6|  0.0|INFORM|<GML_1 Reader> - Add XML Namespace Prefix to: 'UNSET'
2015-10-07 10:14:39|   0.6|  0.0|INFORM|<GML_1 Reader> - Limit Number of Lists in Nested Attributes: 'UNSET'
2015-10-07 10:14:39|   0.6|  0.0|INFORM|Using XSD semantics configuration file 'file:///C:/Program Files/FME2016/64/xml/gml_v3.2/gml_config.xml'.
2015-10-07 10:14:39|   0.7|  0.1|INFORM|Pre-processing xfMap 'C:\Users\knjetl\AppData\Local\Temp\XFMAP_AUTOGEN1444205679925_12128.xml' with macro stylesheet 'C:\Program Files\FME2016\64\xfmap\xfmap_macro.xslt' into 'C:\Users\knjetl\AppData\Local\Temp\NOMACRO_XFMAP_1444205679935_12128.xml'
2015-10-07 10:14:39|   0.7|  0.0|INFORM|The XML Reader is using xfMap 'C:\Users\knjetl\AppData\Local\Temp\NOMACRO_XFMAP_1444205679935_12128.xml'
2015-10-07 10:14:40|   0.8|  0.1|INFORM|Creating writer for format: SpatiaLite
2015-10-07 10:14:40|   0.8|  0.0|INFORM|Trying to find a DYNAMIC plugin for writer named `SPATIALITE'
2015-10-07 10:14:40|   0.8|  0.0|INFORM|Loaded module 'SPATIALITE' from file 'C:\Program Files\FME2016\64\plugins/OGR.dll'
2015-10-07 10:14:40|   0.8|  0.0|INFORM|FME API version of module 'SPATIALITE' matches current internal version (3.8 20150716)
2015-10-07 10:14:40|   0.8|  0.0|INFORM|FME Configuration: No destination coordinate system set
2015-10-07 10:14:40|   0.8|  0.0|INFORM|FME API version of module 'SPATIALITE' matches current internal version (3.8 20150716)
2015-10-07 10:14:40|   0.8|  0.0|INFORM|Writer `SPATIALITE_1' of type `SPATIALITE' using group definition keyword `SPATIALITE_1_DEF'
2015-10-07 10:14:40|   0.8|  0.0|INFORM|FME API version of module 'SPATIALITE' matches current internal version (3.8 20150716)
2015-10-07 10:14:40|   0.8|  0.0|INFORM|SPATIALITE : Directive '_ENCODING' has value 'utf-8'
2015-10-07 10:14:40|   0.8|  0.0|INFORM|SPATIALITE writer: Directive '_OVERWRITE_TABLES' has value 'No'
2015-10-07 10:14:40|   0.8|  0.0|INFORM|SPATIALITE writer: Directive '_OVERWRITE_DATASET' has value 'Yes'
2015-10-07 10:14:40|   0.8|  0.0|INFORM|SPATIALITE writer: Directive '_CREATE_SPATIAL_INDEX' has value 'Yes'
2015-10-07 10:14:40|   0.8|  0.0|INFORM|SPATIALITE writer: Directive '_COMPRESS_GEOMETRY' has value 'Yes'
2015-10-07 10:14:40|   0.8|  0.0|INFORM|SPATIALITE writer: Directive '_TRANSACTION_SIZE' has value '1000'
2015-10-07 10:14:40|   0.8|  0.0|INFORM|SPATIALITE writer: Parameter 'spatialite_overwrite_tables' has value 'No' for feature type 'nettverk' 
2015-10-07 10:14:40|   0.8|  0.0|INFORM|SPATIALITE writer: Parameter 'spatialite_create_spatial_index' has value 'Yes' for feature type 'nettverk' 
2015-10-07 10:14:40|   0.8|  0.0|INFORM|SPATIALITE writer: Parameter 'spatialite_compress_geometry' has value 'Yes' for feature type 'nettverk' 
2015-10-07 10:14:40|   0.8|  0.0|INFORM|SPATIALITE writer: Parameter 'spatialite_overwrite_tables' has value 'No' for feature type 'veglenkesekvens' 
2015-10-07 10:14:40|   0.8|  0.0|INFORM|SPATIALITE writer: Parameter 'spatialite_create_spatial_index' has value 'Yes' for feature type 'veglenkesekvens' 
2015-10-07 10:14:40|   0.8|  0.0|INFORM|SPATIALITE writer: Parameter 'spatialite_compress_geometry' has value 'Yes' for feature type 'veglenkesekvens' 
2015-10-07 10:14:40|   0.8|  0.0|INFORM|SPATIALITE writer: Parameter 'spatialite_overwrite_tables' has value 'No' for feature type 'vegnode' 
2015-10-07 10:14:40|   0.8|  0.0|INFORM|SPATIALITE writer: Parameter 'spatialite_create_spatial_index' has value 'Yes' for feature type 'vegnode' 
2015-10-07 10:14:40|   0.8|  0.0|INFORM|SPATIALITE writer: Parameter 'spatialite_compress_geometry' has value 'Yes' for feature type 'vegnode' 
2015-10-07 10:14:40|   0.8|  0.0|INFORM|SPATIALITE writer: Parameter 'spatialite_overwrite_tables' has value 'No' for feature type 'veglenke' 
2015-10-07 10:14:40|   0.8|  0.0|INFORM|SPATIALITE writer: Parameter 'spatialite_create_spatial_index' has value 'Yes' for feature type 'veglenke' 
2015-10-07 10:14:40|   0.8|  0.0|INFORM|SPATIALITE writer: Parameter 'spatialite_compress_geometry' has value 'Yes' for feature type 'veglenke' 
2015-10-07 10:14:40|   0.8|  0.0|INFORM|SPATIALITE writer: Deleting file 'C:\DATA\GitHub\SOSI-Vegnett\trunk\Eksempler\GML\Vegnettstest.db'
2015-10-07 10:14:40|   0.8|  0.0|INFORM|SPATIALITE writer: Creating file 'C:\DATA\GitHub\SOSI-Vegnett\trunk\Eksempler\GML\Vegnettstest.db'
2015-10-07 10:14:40|   0.9|  0.1|INFORM|SPATIALITE writer: Creating layer 'nettverk' with geometry type 'wkb_none'
2015-10-07 10:14:40|   1.1|  0.2|INFORM|FME Configuration: Source coordinate system for reader GML_1[GML] set to `EPSG:25833' as read from input data
2015-10-07 10:14:40|   1.1|  0.0|INFORM|Coordinate System `EPSG:25833' parameters: CS_NAME=`ETRS89.UTM-33N' DESC_NM=`Transverse Mercator (ETRS89-TM33)' DT_NAME=`ETRS89/01' GROUP=`UTMN' MAP_SCL=`1' MAX_LAT=`84.5' MAX_LNG=`22.1333333333333' MIN_LAT=`31.05' MIN_LNG=`10.8833333333333' PARM1=`15' PROJ=`TM' QUAD=`1' SCL_RED=`0.9996' SOURCE=`EPSG, V6.3, 25833 [Large and medium scale topographic mappi]' UNIT=`Meter' X_OFF=`500000' Y_OFF=`0.0' ZERO_X=`0.0001' ZERO_Y=`0.0001' 
2015-10-07 10:14:40|   1.1|  0.0|INFORM|SPATIALITE writer: Creating layer 'veglenke' with geometry type 'wkb_line_xyz'
2015-10-07 10:14:41|   1.8|  0.7|INFORM|SPATIALITE writer: Committing transaction of 1000 features to feature types 'nettverk, veglenke'...
2015-10-07 10:14:42|   2.6|  0.7|INFORM|SPATIALITE writer: Committing transaction of 1000 features to feature types 'veglenke'...
2015-10-07 10:14:42|   3.0|  0.4|INFORM|Reading source feature # 2500
2015-10-07 10:14:42|   3.3|  0.4|INFORM|SPATIALITE writer: Committing transaction of 1000 features to feature types 'veglenke'...
2015-10-07 10:14:44|   4.8|  1.5|INFORM|SPATIALITE writer: Committing transaction of 1000 features to feature types 'veglenke'...
2015-10-07 10:14:44|   4.8|  0.0|INFORM|XML Reader mapped feature # 5000  (xfMap: GML 3.2 auto-gen)
2015-10-07 10:14:44|   4.8|  0.0|INFORM|Reading source feature # 5000
2015-10-07 10:14:44|   4.8|  0.0|INFORM|SPATIALITE writer: Committing transaction of 1000 features to feature types 'veglenke'...
2015-10-07 10:14:46|   6.7|  1.9|INFORM|... Last line repeated 2 times ...
2015-10-07 10:14:46|   6.7|  0.0|INFORM|Reading source feature # 7500
2015-10-07 10:14:46|   7.0|  0.4|INFORM|SPATIALITE writer: Committing transaction of 1000 features to feature types 'veglenke'...
2015-10-07 10:14:47|   7.4|  0.3|INFORM|SPATIALITE writer: Creating layer 'vegnode' with geometry type 'wkb_point'
2015-10-07 10:14:47|   7.6|  0.2|INFORM|SPATIALITE writer: Committing transaction of 1000 features to feature types 'veglenke, vegnode'...
2015-10-07 10:14:47|   7.9|  0.3|INFORM|XML Reader mapped feature # 10000  (xfMap: GML 3.2 auto-gen)
2015-10-07 10:14:47|   7.9|  0.0|INFORM|Reading source feature # 10000
2015-10-07 10:14:47|   7.9|  0.0|INFORM|SPATIALITE writer: Committing transaction of 1000 features to feature types 'vegnode'...
2015-10-07 10:14:48|   8.7|  0.8|INFORM|... Last line repeated 2 times ...
2015-10-07 10:14:48|   8.7|  0.0|INFORM|Reading source feature # 12500
2015-10-07 10:14:48|   8.9|  0.2|INFORM|SPATIALITE writer: Committing transaction of 1000 features to feature types 'vegnode'...
2015-10-07 10:14:49|   9.5|  0.6|INFORM|SPATIALITE writer: Committing transaction of 1000 features to feature types 'vegnode'...
2015-10-07 10:14:49|   9.5|  0.0|INFORM|XML Reader mapped feature # 15000  (xfMap: GML 3.2 auto-gen)
2015-10-07 10:14:49|   9.5|  0.0|INFORM|Reading source feature # 15000
2015-10-07 10:14:49|   9.5|  0.0|INFORM|SPATIALITE writer: Committing transaction of 1000 features to feature types 'vegnode'...
2015-10-07 10:14:49|   9.7|  0.1|INFORM|ListExploder(ElementFactory): No MODE specified.  Using default processing mode (CLASSIC)
2015-10-07 10:14:49|   9.7|  0.0|INFORM|Processed 2 elements with mode CLASSIC
2015-10-07 10:14:50|  10.3|  0.7|INFORM|Reading source feature # 17500
2015-10-07 10:14:50|  10.9|  0.6|INFORM|Emptying factory pipeline
2015-10-07 10:14:50|  10.9|  0.0|STATS |Router and Unexpected Input Remover(RoutingFactory): Tested 19461 input feature(s), wrote 19461 output feature(s): 19461 matched merge filters, 19461 were routed to output, 0 could not be routed.
2015-10-07 10:14:50|  10.9|  0.0|STATS |Unexpected Input Remover Nuker(TeeFactory): Cloned 0 input feature(s) into 0 output feature(s)
2015-10-07 10:14:50|  10.9|  0.0|STATS |Nettverk Feature Counter -1 15(TeeFactory): Cloned 1 input feature(s) into 1 output feature(s)
2015-10-07 10:14:50|  10.9|  0.0|STATS |Vegnode Feature Counter -1 11(TeeFactory): Cloned 6975 input feature(s) into 6975 output feature(s)
2015-10-07 10:14:50|  10.9|  0.0|STATS |Veglenkesekvens Feature Counter -1 28(TeeFactory): Cloned 4062 input feature(s) into 4062 output feature(s)
2015-10-07 10:14:50|  10.9|  0.0|STATS |Veglenkesett Feature Counter -1 12(TeeFactory): Cloned 0 input feature(s) into 0 output feature(s)
2015-10-07 10:14:50|  10.9|  0.0|STATS |Veglenke Feature Counter -1 17(TeeFactory): Cloned 8423 input feature(s) into 8423 output feature(s)
2015-10-07 10:14:50|  10.9|  0.0|STATS |AttributeRenamer_OUTPUT Feature Counter -1 35(TeeFactory): Cloned 8423 input feature(s) into 8423 output feature(s)
2015-10-07 10:14:50|  10.9|  0.0|STATS |StringReplacer(TeeFactory): Cloned 8423 input feature(s) into 8423 output feature(s)
2015-10-07 10:14:50|  10.9|  0.0|STATS |StringReplacer OUTPUT Splitter(TeeFactory): Cloned 8423 input feature(s) into 16846 output feature(s)
2015-10-07 10:14:50|  10.9|  0.0|STATS |StringReplacer_OUTPUT_0_jIW8zCOSlXI= Feature Counter -1 33(TeeFactory): Cloned 8423 input feature(s) into 8423 output feature(s)
2015-10-07 10:14:50|  10.9|  0.0|STATS |StringReplacer_OUTPUT_1_jIW8zCOSlXI= Feature Counter -1 40(TeeFactory): Cloned 8423 input feature(s) into 8423 output feature(s)
2015-10-07 10:14:50|  10.9|  0.0|STATS |ListExploder(ElementFactory): Split out 8536 list elements from 4062 input features, using mode CLASSIC
2015-10-07 10:14:50|  10.9|  0.0|STATS |ListExploder_ELEMENTS Feature Counter -1 29(TeeFactory): Cloned 8536 input feature(s) into 8536 output feature(s)
2015-10-07 10:14:50|  10.9|  0.0|STATS |ListExploder_<REJECTED> Feature Counter -1 2147680283(TeeFactory): Cloned 0 input feature(s) into 0 output feature(s)
2015-10-07 10:14:50|  10.9|  0.0|STATS |AttributeRenamer_2_OUTPUT Feature Counter -1 24(TeeFactory): Cloned 8536 input feature(s) into 8536 output feature(s)
2015-10-07 10:14:50|  10.9|  0.0|STATS |StringReplacer_2(TeeFactory): Cloned 8536 input feature(s) into 8536 output feature(s)
2015-10-07 10:14:50|  10.9|  0.0|STATS |StringReplacer_2_OUTPUT Feature Counter -1 32(TeeFactory): Cloned 8536 input feature(s) into 8536 output feature(s)
2015-10-07 10:14:50|  10.9|  0.0|INFORM|Sekvensdeler_utenfor_aktuell_kommune: Feature is:
2015-10-07 10:14:50|  10.9|  0.0|STATS |Storing feature(s) to FME feature store file `C:\DATA\GitHub\SOSI-Vegnett\trunk\Eksempler\FME\Vegnett_gml2spatialite_log.ffs'
2015-10-07 10:14:50|  10.9|  0.0|INFORM|+++++++++++++++++++++++++++++++++++++++++++++++++++++++++++++++++++++++++++
2015-10-07 10:14:50|  10.9|  0.0|INFORM|Feature Type: `Sekvensdeler_utenfor_aktuell_kommune_LOGGED'
2015-10-07 10:14:50|  10.9|  0.0|INFORM|Attribute(32 bit integer)   : `_element_index' has value `0'
2015-10-07 10:14:50|  10.9|  0.0|INFORM|Attribute(string)           : `fme_basename' has value `Vegnettstest'
2015-10-07 10:14:50|  10.9|  0.0|INFORM|Attribute(string)           : `fme_dataset' has value `C:\DATA\GitHub\SOSI-Vegnett\trunk\Eksempler\GML\Vegnettstest.gml'
2015-10-07 10:14:50|  10.9|  0.0|INFORM|Attribute(string)           : `fme_feature_type' has value `Veglenkesekvens'
2015-10-07 10:14:50|  10.9|  0.0|INFORM|Attribute(string)           : `fme_geometry' has value `fme_undefined'
2015-10-07 10:14:50|  10.9|  0.0|INFORM|Attribute(entangled: string): `fme_type' has value `fme_no_geom'
2015-10-07 10:14:50|  10.9|  0.0|INFORM|          entangled to [xml_type]
2015-10-07 10:14:50|  10.9|  0.0|INFORM|Attribute(encoded: utf-16)  : `gml_id' has value `vegvesen.no.nvdb.rls.706501'
2015-10-07 10:14:50|  10.9|  0.0|INFORM|Attribute(encoded: utf-16)  : `gml_parent_property' has value `featureMember'
2015-10-07 10:14:50|  10.9|  0.0|INFORM|Attribute(encoded: utf-16)  : `identifikasjon.Identifikasjon.lokalId' has value `706501'
2015-10-07 10:14:50|  10.9|  0.0|INFORM|Attribute(encoded: utf-16)  : `identifikasjon.Identifikasjon.navnerom' has value `vegvesen.no.nvdb.rls'
2015-10-07 10:14:50|  10.9|  0.0|INFORM|Attribute(string)           : `multi_reader_keyword' has value `GML_1'
2015-10-07 10:14:50|  10.9|  0.0|INFORM|Attribute(encoded: utf-8)   : `nettverk' has value `vegvesen.no.nvdb.nv.403'
2015-10-07 10:14:50|  10.9|  0.0|INFORM|Attribute(encoded: utf-16)  : `nettverk.owns' has value `false'
2015-10-07 10:14:50|  10.9|  0.0|INFORM|Attribute(encoded: utf-16)  : `owns' has value `false'
2015-10-07 10:14:50|  10.9|  0.0|INFORM|Attribute(encoded: utf-8)   : `sekvensdel' has value `vegvesen.no.nvdb.rl.5571932'
2015-10-07 10:14:50|  10.9|  0.0|INFORM|Attribute(encoded: utf-16)  : `xml_ns_uri' has value `https://raw.githubusercontent.com/jetgeo/SOSI-Vegnett/master/Eksempler/XSD/'
2015-10-07 10:14:50|  10.9|  0.0|INFORM|Attribute(string)           : `xml_type' has value `xml_no_geom'
2015-10-07 10:14:50|  10.9|  0.0|INFORM|Coordinate System: `EPSG:25833'
2015-10-07 10:14:50|  10.9|  0.0|INFORM|Geometry Type: IFMENull
2015-10-07 10:14:50|  10.9|  0.0|INFORM|===========================================================================
2015-10-07 10:14:50|  10.9|  0.0|INFORM|Sekvensdeler_utenfor_aktuell_kommune: Feature is:
2015-10-07 10:14:50|  10.9|  0.0|INFORM|+++++++++++++++++++++++++++++++++++++++++++++++++++++++++++++++++++++++++++
2015-10-07 10:14:50|  10.9|  0.0|INFORM|Feature Type: `Sekvensdeler_utenfor_aktuell_kommune_LOGGED'
2015-10-07 10:14:50|  10.9|  0.0|INFORM|Attribute(32 bit integer)   : `_element_index' has value `1'
2015-10-07 10:14:50|  10.9|  0.0|INFORM|Attribute(string)           : `fme_basename' has value `Vegnettstest'
2015-10-07 10:14:50|  10.9|  0.0|INFORM|Attribute(string)           : `fme_dataset' has value `C:\DATA\GitHub\SOSI-Vegnett\trunk\Eksempler\GML\Vegnettstest.gml'
2015-10-07 10:14:50|  10.9|  0.0|INFORM|Attribute(string)           : `fme_feature_type' has value `Veglenkesekvens'
2015-10-07 10:14:50|  10.9|  0.0|INFORM|Attribute(string)           : `fme_geometry' has value `fme_undefined'
2015-10-07 10:14:50|  10.9|  0.0|INFORM|Attribute(entangled: string): `fme_type' has value `fme_no_geom'
2015-10-07 10:14:50|  10.9|  0.0|INFORM|          entangled to [xml_type]
2015-10-07 10:14:50|  10.9|  0.0|INFORM|Attribute(encoded: utf-16)  : `gml_id' has value `vegvesen.no.nvdb.rls.706501'
2015-10-07 10:14:50|  10.9|  0.0|INFORM|Attribute(encoded: utf-16)  : `gml_parent_property' has value `featureMember'
2015-10-07 10:14:50|  10.9|  0.0|INFORM|Attribute(encoded: utf-16)  : `identifikasjon.Identifikasjon.lokalId' has value `706501'
2015-10-07 10:14:50|  10.9|  0.0|INFORM|Attribute(encoded: utf-16)  : `identifikasjon.Identifikasjon.navnerom' has value `vegvesen.no.nvdb.rls'
2015-10-07 10:14:50|  10.9|  0.0|INFORM|Attribute(string)           : `multi_reader_keyword' has value `GML_1'
2015-10-07 10:14:50|  10.9|  0.0|INFORM|Attribute(encoded: utf-8)   : `nettverk' has value `vegvesen.no.nvdb.nv.403'
2015-10-07 10:14:50|  10.9|  0.0|INFORM|Attribute(encoded: utf-16)  : `nettverk.owns' has value `false'
2015-10-07 10:14:50|  10.9|  0.0|INFORM|Attribute(encoded: utf-16)  : `owns' has value `false'
2015-10-07 10:14:50|  10.9|  0.0|INFORM|Attribute(encoded: utf-8)   : `sekvensdel' has value `vegvesen.no.nvdb.rl.5571933'
2015-10-07 10:14:50|  10.9|  0.0|INFORM|Attribute(encoded: utf-16)  : `xml_ns_uri' has value `https://raw.githubusercontent.com/jetgeo/SOSI-Vegnett/master/Eksempler/XSD/'
2015-10-07 10:14:50|  10.9|  0.0|INFORM|Attribute(string)           : `xml_type' has value `xml_no_geom'
2015-10-07 10:14:50|  10.9|  0.0|INFORM|Coordinate System: `EPSG:25833'
2015-10-07 10:14:50|  10.9|  0.0|INFORM|Geometry Type: IFMENull
2015-10-07 10:14:50|  10.9|  0.0|INFORM|===========================================================================
2015-10-07 10:14:50|  10.9|  0.0|INFORM|Sekvensdeler_utenfor_aktuell_kommune: Feature is:
2015-10-07 10:14:50|  10.9|  0.0|INFORM|+++++++++++++++++++++++++++++++++++++++++++++++++++++++++++++++++++++++++++
2015-10-07 10:14:50|  10.9|  0.0|INFORM|Feature Type: `Sekvensdeler_utenfor_aktuell_kommune_LOGGED'
2015-10-07 10:14:50|  10.9|  0.0|INFORM|Attribute(32 bit integer)   : `_element_index' has value `2'
2015-10-07 10:14:50|  10.9|  0.0|INFORM|Attribute(string)           : `fme_basename' has value `Vegnettstest'
2015-10-07 10:14:50|  10.9|  0.0|INFORM|Attribute(string)           : `fme_dataset' has value `C:\DATA\GitHub\SOSI-Vegnett\trunk\Eksempler\GML\Vegnettstest.gml'
2015-10-07 10:14:50|  10.9|  0.0|INFORM|Attribute(string)           : `fme_feature_type' has value `Veglenkesekvens'
2015-10-07 10:14:50|  10.9|  0.0|INFORM|Attribute(string)           : `fme_geometry' has value `fme_undefined'
2015-10-07 10:14:50|  10.9|  0.0|INFORM|Attribute(entangled: string): `fme_type' has value `fme_no_geom'
2015-10-07 10:14:50|  10.9|  0.0|INFORM|          entangled to [xml_type]
2015-10-07 10:14:50|  10.9|  0.0|INFORM|Attribute(encoded: utf-16)  : `gml_id' has value `vegvesen.no.nvdb.rls.706501'
2015-10-07 10:14:50|  10.9|  0.0|INFORM|Attribute(encoded: utf-16)  : `gml_parent_property' has value `featureMember'
2015-10-07 10:14:50|  10.9|  0.0|INFORM|Attribute(encoded: utf-16)  : `identifikasjon.Identifikasjon.lokalId' has value `706501'
2015-10-07 10:14:50|  10.9|  0.0|INFORM|Attribute(encoded: utf-16)  : `identifikasjon.Identifikasjon.navnerom' has value `vegvesen.no.nvdb.rls'
2015-10-07 10:14:50|  10.9|  0.0|INFORM|Attribute(string)           : `multi_reader_keyword' has value `GML_1'
2015-10-07 10:14:50|  10.9|  0.0|INFORM|Attribute(encoded: utf-8)   : `nettverk' has value `vegvesen.no.nvdb.nv.403'
2015-10-07 10:14:50|  10.9|  0.0|INFORM|Attribute(encoded: utf-16)  : `nettverk.owns' has value `false'
2015-10-07 10:14:50|  10.9|  0.0|INFORM|Attribute(encoded: utf-16)  : `owns' has value `false'
2015-10-07 10:14:50|  10.9|  0.0|INFORM|Attribute(encoded: utf-8)   : `sekvensdel' has value `vegvesen.no.nvdb.rl.5571931'
2015-10-07 10:14:50|  10.9|  0.0|INFORM|Attribute(encoded: utf-16)  : `xml_ns_uri' has value `https://raw.githubusercontent.com/jetgeo/SOSI-Vegnett/master/Eksempler/XSD/'
2015-10-07 10:14:50|  10.9|  0.0|INFORM|Attribute(string)           : `xml_type' has value `xml_no_geom'
2015-10-07 10:14:50|  10.9|  0.0|INFORM|Coordinate System: `EPSG:25833'
2015-10-07 10:14:50|  10.9|  0.0|INFORM|Geometry Type: IFMENull
2015-10-07 10:14:50|  10.9|  0.0|INFORM|===========================================================================
2015-10-07 10:14:50|  10.9|  0.0|INFORM|Sekvensdeler_utenfor_aktuell_kommune: Feature is:
2015-10-07 10:14:50|  10.9|  0.0|INFORM|+++++++++++++++++++++++++++++++++++++++++++++++++++++++++++++++++++++++++++
2015-10-07 10:14:50|  10.9|  0.0|INFORM|Feature Type: `Sekvensdeler_utenfor_aktuell_kommune_LOGGED'
2015-10-07 10:14:50|  10.9|  0.0|INFORM|Attribute(32 bit integer)   : `_element_index' has value `0'
2015-10-07 10:14:50|  10.9|  0.0|INFORM|Attribute(string)           : `fme_basename' has value `Vegnettstest'
2015-10-07 10:14:50|  10.9|  0.0|INFORM|Attribute(string)           : `fme_dataset' has value `C:\DATA\GitHub\SOSI-Vegnett\trunk\Eksempler\GML\Vegnettstest.gml'
2015-10-07 10:14:50|  10.9|  0.0|INFORM|Attribute(string)           : `fme_feature_type' has value `Veglenkesekvens'
2015-10-07 10:14:50|  10.9|  0.0|INFORM|Attribute(string)           : `fme_geometry' has value `fme_undefined'
2015-10-07 10:14:50|  10.9|  0.0|INFORM|Attribute(entangled: string): `fme_type' has value `fme_no_geom'
2015-10-07 10:14:50|  10.9|  0.0|INFORM|          entangled to [xml_type]
2015-10-07 10:14:50|  10.9|  0.0|INFORM|Attribute(encoded: utf-16)  : `gml_id' has value `vegvesen.no.nvdb.rls.706502'
2015-10-07 10:14:50|  10.9|  0.0|INFORM|Attribute(encoded: utf-16)  : `gml_parent_property' has value `featureMember'
2015-10-07 10:14:50|  10.9|  0.0|INFORM|Attribute(encoded: utf-16)  : `identifikasjon.Identifikasjon.lokalId' has value `706502'
2015-10-07 10:14:50|  10.9|  0.0|INFORM|Attribute(encoded: utf-16)  : `identifikasjon.Identifikasjon.navnerom' has value `vegvesen.no.nvdb.rls'
2015-10-07 10:14:50|  10.9|  0.0|INFORM|Attribute(string)           : `multi_reader_keyword' has value `GML_1'
2015-10-07 10:14:50|  10.9|  0.0|INFORM|Attribute(encoded: utf-8)   : `nettverk' has value `vegvesen.no.nvdb.nv.403'
2015-10-07 10:14:50|  10.9|  0.0|INFORM|Attribute(encoded: utf-16)  : `nettverk.owns' has value `false'
2015-10-07 10:14:50|  10.9|  0.0|INFORM|Attribute(encoded: utf-16)  : `owns' has value `false'
2015-10-07 10:14:50|  10.9|  0.0|INFORM|Attribute(encoded: utf-8)   : `sekvensdel' has value `vegvesen.no.nvdb.rl.5571934'
2015-10-07 10:14:50|  10.9|  0.0|INFORM|Attribute(encoded: utf-16)  : `xml_ns_uri' has value `https://raw.githubusercontent.com/jetgeo/SOSI-Vegnett/master/Eksempler/XSD/'
2015-10-07 10:14:50|  10.9|  0.0|INFORM|Attribute(string)           : `xml_type' has value `xml_no_geom'
2015-10-07 10:14:50|  10.9|  0.0|INFORM|Coordinate System: `EPSG:25833'
2015-10-07 10:14:50|  10.9|  0.0|INFORM|Geometry Type: IFMENull
2015-10-07 10:14:50|  10.9|  0.0|INFORM|===========================================================================
2015-10-07 10:14:50|  10.9|  0.0|INFORM|Sekvensdeler_utenfor_aktuell_kommune: Feature is:
2015-10-07 10:14:50|  10.9|  0.0|INFORM|+++++++++++++++++++++++++++++++++++++++++++++++++++++++++++++++++++++++++++
2015-10-07 10:14:50|  10.9|  0.0|INFORM|Feature Type: `Sekvensdeler_utenfor_aktuell_kommune_LOGGED'
2015-10-07 10:14:50|  10.9|  0.0|INFORM|Attribute(32 bit integer)   : `_element_index' has value `0'
2015-10-07 10:14:50|  10.9|  0.0|INFORM|Attribute(string)           : `fme_basename' has value `Vegnettstest'
2015-10-07 10:14:50|  10.9|  0.0|INFORM|Attribute(string)           : `fme_dataset' has value `C:\DATA\GitHub\SOSI-Vegnett\trunk\Eksempler\GML\Vegnettstest.gml'
2015-10-07 10:14:50|  10.9|  0.0|INFORM|Attribute(string)           : `fme_feature_type' has value `Veglenkesekvens'
2015-10-07 10:14:50|  10.9|  0.0|INFORM|Attribute(string)           : `fme_geometry' has value `fme_undefined'
2015-10-07 10:14:50|  10.9|  0.0|INFORM|Attribute(entangled: string): `fme_type' has value `fme_no_geom'
2015-10-07 10:14:50|  10.9|  0.0|INFORM|          entangled to [xml_type]
2015-10-07 10:14:50|  10.9|  0.0|INFORM|Attribute(encoded: utf-16)  : `gml_id' has value `vegvesen.no.nvdb.rls.706504'
2015-10-07 10:14:50|  10.9|  0.0|INFORM|Attribute(encoded: utf-16)  : `gml_parent_property' has value `featureMember'
2015-10-07 10:14:50|  10.9|  0.0|INFORM|Attribute(encoded: utf-16)  : `identifikasjon.Identifikasjon.lokalId' has value `706504'
2015-10-07 10:14:50|  10.9|  0.0|INFORM|Attribute(encoded: utf-16)  : `identifikasjon.Identifikasjon.navnerom' has value `vegvesen.no.nvdb.rls'
2015-10-07 10:14:50|  10.9|  0.0|INFORM|Attribute(string)           : `multi_reader_keyword' has value `GML_1'
2015-10-07 10:14:50|  10.9|  0.0|INFORM|Attribute(encoded: utf-8)   : `nettverk' has value `vegvesen.no.nvdb.nv.403'
2015-10-07 10:14:50|  10.9|  0.0|INFORM|Attribute(encoded: utf-16)  : `nettverk.owns' has value `false'
2015-10-07 10:14:50|  10.9|  0.0|INFORM|Attribute(encoded: utf-16)  : `owns' has value `false'
2015-10-07 10:14:50|  10.9|  0.0|INFORM|Attribute(encoded: utf-8)   : `sekvensdel' has value `vegvesen.no.nvdb.rl.5571947'
2015-10-07 10:14:50|  10.9|  0.0|INFORM|Attribute(encoded: utf-16)  : `xml_ns_uri' has value `https://raw.githubusercontent.com/jetgeo/SOSI-Vegnett/master/Eksempler/XSD/'
2015-10-07 10:14:50|  10.9|  0.0|INFORM|Attribute(string)           : `xml_type' has value `xml_no_geom'
2015-10-07 10:14:50|  10.9|  0.0|INFORM|Coordinate System: `EPSG:25833'
2015-10-07 10:14:50|  10.9|  0.0|INFORM|Geometry Type: IFMENull
2015-10-07 10:14:50|  10.9|  0.0|INFORM|===========================================================================
2015-10-07 10:14:50|  10.9|  0.0|INFORM|Sekvensdeler_utenfor_aktuell_kommune: Feature is:
2015-10-07 10:14:50|  10.9|  0.0|INFORM|+++++++++++++++++++++++++++++++++++++++++++++++++++++++++++++++++++++++++++
2015-10-07 10:14:50|  10.9|  0.0|INFORM|Feature Type: `Sekvensdeler_utenfor_aktuell_kommune_LOGGED'
2015-10-07 10:14:50|  10.9|  0.0|INFORM|Attribute(32 bit integer)   : `_element_index' has value `0'
2015-10-07 10:14:50|  10.9|  0.0|INFORM|Attribute(string)           : `fme_basename' has value `Vegnettstest'
2015-10-07 10:14:50|  10.9|  0.0|INFORM|Attribute(string)           : `fme_dataset' has value `C:\DATA\GitHub\SOSI-Vegnett\trunk\Eksempler\GML\Vegnettstest.gml'
2015-10-07 10:14:50|  10.9|  0.0|INFORM|Attribute(string)           : `fme_feature_type' has value `Veglenkesekvens'
2015-10-07 10:14:50|  10.9|  0.0|INFORM|Attribute(string)           : `fme_geometry' has value `fme_undefined'
2015-10-07 10:14:50|  10.9|  0.0|INFORM|Attribute(entangled: string): `fme_type' has value `fme_no_geom'
2015-10-07 10:14:50|  10.9|  0.0|INFORM|          entangled to [xml_type]
2015-10-07 10:14:50|  10.9|  0.0|INFORM|Attribute(encoded: utf-16)  : `gml_id' has value `vegvesen.no.nvdb.rls.706448'
2015-10-07 10:14:50|  10.9|  0.0|INFORM|Attribute(encoded: utf-16)  : `gml_parent_property' has value `featureMember'
2015-10-07 10:14:50|  10.9|  0.0|INFORM|Attribute(encoded: utf-16)  : `identifikasjon.Identifikasjon.lokalId' has value `706448'
2015-10-07 10:14:50|  10.9|  0.0|INFORM|Attribute(encoded: utf-16)  : `identifikasjon.Identifikasjon.navnerom' has value `vegvesen.no.nvdb.rls'
2015-10-07 10:14:50|  10.9|  0.0|INFORM|Attribute(string)           : `multi_reader_keyword' has value `GML_1'
2015-10-07 10:14:50|  10.9|  0.0|INFORM|Attribute(encoded: utf-8)   : `nettverk' has value `vegvesen.no.nvdb.nv.403'
2015-10-07 10:14:50|  10.9|  0.0|INFORM|Attribute(encoded: utf-16)  : `nettverk.owns' has value `false'
2015-10-07 10:14:50|  10.9|  0.0|INFORM|Attribute(encoded: utf-16)  : `owns' has value `false'
2015-10-07 10:14:50|  10.9|  0.0|INFORM|Attribute(encoded: utf-8)   : `sekvensdel' has value `vegvesen.no.nvdb.rl.5571809'
2015-10-07 10:14:50|  10.9|  0.0|INFORM|Attribute(encoded: utf-16)  : `xml_ns_uri' has value `https://raw.githubusercontent.com/jetgeo/SOSI-Vegnett/master/Eksempler/XSD/'
2015-10-07 10:14:50|  10.9|  0.0|INFORM|Attribute(string)           : `xml_type' has value `xml_no_geom'
2015-10-07 10:14:50|  10.9|  0.0|INFORM|Coordinate System: `EPSG:25833'
2015-10-07 10:14:50|  10.9|  0.0|INFORM|Geometry Type: IFMENull
2015-10-07 10:14:50|  10.9|  0.0|INFORM|===========================================================================
2015-10-07 10:14:50|  10.9|  0.0|INFORM|Sekvensdeler_utenfor_aktuell_kommune: Feature is:
2015-10-07 10:14:50|  10.9|  0.0|INFORM|+++++++++++++++++++++++++++++++++++++++++++++++++++++++++++++++++++++++++++
2015-10-07 10:14:50|  10.9|  0.0|INFORM|Feature Type: `Sekvensdeler_utenfor_aktuell_kommune_LOGGED'
2015-10-07 10:14:50|  10.9|  0.0|INFORM|Attribute(32 bit integer)   : `_element_index' has value `1'
2015-10-07 10:14:50|  10.9|  0.0|INFORM|Attribute(string)           : `fme_basename' has value `Vegnettstest'
2015-10-07 10:14:50|  10.9|  0.0|INFORM|Attribute(string)           : `fme_dataset' has value `C:\DATA\GitHub\SOSI-Vegnett\trunk\Eksempler\GML\Vegnettstest.gml'
2015-10-07 10:14:50|  10.9|  0.0|INFORM|Attribute(string)           : `fme_feature_type' has value `Veglenkesekvens'
2015-10-07 10:14:50|  10.9|  0.0|INFORM|Attribute(string)           : `fme_geometry' has value `fme_undefined'
2015-10-07 10:14:50|  10.9|  0.0|INFORM|Attribute(entangled: string): `fme_type' has value `fme_no_geom'
2015-10-07 10:14:50|  10.9|  0.0|INFORM|          entangled to [xml_type]
2015-10-07 10:14:50|  10.9|  0.0|INFORM|Attribute(encoded: utf-16)  : `gml_id' has value `vegvesen.no.nvdb.rls.706448'
2015-10-07 10:14:50|  10.9|  0.0|INFORM|Attribute(encoded: utf-16)  : `gml_parent_property' has value `featureMember'
2015-10-07 10:14:50|  10.9|  0.0|INFORM|Attribute(encoded: utf-16)  : `identifikasjon.Identifikasjon.lokalId' has value `706448'
2015-10-07 10:14:50|  10.9|  0.0|INFORM|Attribute(encoded: utf-16)  : `identifikasjon.Identifikasjon.navnerom' has value `vegvesen.no.nvdb.rls'
2015-10-07 10:14:50|  10.9|  0.0|INFORM|Attribute(string)           : `multi_reader_keyword' has value `GML_1'
2015-10-07 10:14:50|  10.9|  0.0|INFORM|Attribute(encoded: utf-8)   : `nettverk' has value `vegvesen.no.nvdb.nv.403'
2015-10-07 10:14:50|  10.9|  0.0|INFORM|Attribute(encoded: utf-16)  : `nettverk.owns' has value `false'
2015-10-07 10:14:50|  10.9|  0.0|INFORM|Attribute(encoded: utf-16)  : `owns' has value `false'
2015-10-07 10:14:50|  10.9|  0.0|INFORM|Attribute(encoded: utf-8)   : `sekvensdel' has value `vegvesen.no.nvdb.rl.5571808'
2015-10-07 10:14:50|  10.9|  0.0|INFORM|Attribute(encoded: utf-16)  : `xml_ns_uri' has value `https://raw.githubusercontent.com/jetgeo/SOSI-Vegnett/master/Eksempler/XSD/'
2015-10-07 10:14:50|  10.9|  0.0|INFORM|Attribute(string)           : `xml_type' has value `xml_no_geom'
2015-10-07 10:14:50|  10.9|  0.0|INFORM|Coordinate System: `EPSG:25833'
2015-10-07 10:14:50|  10.9|  0.0|INFORM|Geometry Type: IFMENull
2015-10-07 10:14:50|  10.9|  0.0|INFORM|===========================================================================
2015-10-07 10:14:50|  10.9|  0.0|INFORM|Sekvensdeler_utenfor_aktuell_kommune: Feature is:
2015-10-07 10:14:50|  10.9|  0.0|INFORM|+++++++++++++++++++++++++++++++++++++++++++++++++++++++++++++++++++++++++++
2015-10-07 10:14:50|  10.9|  0.0|INFORM|Feature Type: `Sekvensdeler_utenfor_aktuell_kommune_LOGGED'
2015-10-07 10:14:50|  10.9|  0.0|INFORM|Attribute(32 bit integer)   : `_element_index' has value `2'
2015-10-07 10:14:50|  10.9|  0.0|INFORM|Attribute(string)           : `fme_basename' has value `Vegnettstest'
2015-10-07 10:14:50|  10.9|  0.0|INFORM|Attribute(string)           : `fme_dataset' has value `C:\DATA\GitHub\SOSI-Vegnett\trunk\Eksempler\GML\Vegnettstest.gml'
2015-10-07 10:14:50|  10.9|  0.0|INFORM|Attribute(string)           : `fme_feature_type' has value `Veglenkesekvens'
2015-10-07 10:14:50|  10.9|  0.0|INFORM|Attribute(string)           : `fme_geometry' has value `fme_undefined'
2015-10-07 10:14:50|  10.9|  0.0|INFORM|Attribute(entangled: string): `fme_type' has value `fme_no_geom'
2015-10-07 10:14:50|  10.9|  0.0|INFORM|          entangled to [xml_type]
2015-10-07 10:14:50|  10.9|  0.0|INFORM|Attribute(encoded: utf-16)  : `gml_id' has value `vegvesen.no.nvdb.rls.706448'
2015-10-07 10:14:50|  10.9|  0.0|INFORM|Attribute(encoded: utf-16)  : `gml_parent_property' has value `featureMember'
2015-10-07 10:14:50|  10.9|  0.0|INFORM|Attribute(encoded: utf-16)  : `identifikasjon.Identifikasjon.lokalId' has value `706448'
2015-10-07 10:14:50|  10.9|  0.0|INFORM|Attribute(encoded: utf-16)  : `identifikasjon.Identifikasjon.navnerom' has value `vegvesen.no.nvdb.rls'
2015-10-07 10:14:50|  10.9|  0.0|INFORM|Attribute(string)           : `multi_reader_keyword' has value `GML_1'
2015-10-07 10:14:50|  10.9|  0.0|INFORM|Attribute(encoded: utf-8)   : `nettverk' has value `vegvesen.no.nvdb.nv.403'
2015-10-07 10:14:50|  10.9|  0.0|INFORM|Attribute(encoded: utf-16)  : `nettverk.owns' has value `false'
2015-10-07 10:14:50|  10.9|  0.0|INFORM|Attribute(encoded: utf-16)  : `owns' has value `false'
2015-10-07 10:14:50|  10.9|  0.0|INFORM|Attribute(encoded: utf-8)   : `sekvensdel' has value `vegvesen.no.nvdb.rl.5571807'
2015-10-07 10:14:50|  10.9|  0.0|INFORM|Attribute(encoded: utf-16)  : `xml_ns_uri' has value `https://raw.githubusercontent.com/jetgeo/SOSI-Vegnett/master/Eksempler/XSD/'
2015-10-07 10:14:50|  10.9|  0.0|INFORM|Attribute(string)           : `xml_type' has value `xml_no_geom'
2015-10-07 10:14:50|  10.9|  0.0|INFORM|Coordinate System: `EPSG:25833'
2015-10-07 10:14:50|  10.9|  0.0|INFORM|Geometry Type: IFMENull
2015-10-07 10:14:50|  10.9|  0.0|INFORM|===========================================================================
2015-10-07 10:14:50|  10.9|  0.0|INFORM|Sekvensdeler_utenfor_aktuell_kommune: Feature is:
2015-10-07 10:14:50|  10.9|  0.0|INFORM|+++++++++++++++++++++++++++++++++++++++++++++++++++++++++++++++++++++++++++
2015-10-07 10:14:50|  10.9|  0.0|INFORM|Feature Type: `Sekvensdeler_utenfor_aktuell_kommune_LOGGED'
2015-10-07 10:14:50|  10.9|  0.0|INFORM|Attribute(32 bit integer)   : `_element_index' has value `0'
2015-10-07 10:14:50|  10.9|  0.0|INFORM|Attribute(string)           : `fme_basename' has value `Vegnettstest'
2015-10-07 10:14:50|  10.9|  0.0|INFORM|Attribute(string)           : `fme_dataset' has value `C:\DATA\GitHub\SOSI-Vegnett\trunk\Eksempler\GML\Vegnettstest.gml'
2015-10-07 10:14:50|  10.9|  0.0|INFORM|Attribute(string)           : `fme_feature_type' has value `Veglenkesekvens'
2015-10-07 10:14:50|  10.9|  0.0|INFORM|Attribute(string)           : `fme_geometry' has value `fme_undefined'
2015-10-07 10:14:50|  10.9|  0.0|INFORM|Attribute(entangled: string): `fme_type' has value `fme_no_geom'
2015-10-07 10:14:50|  10.9|  0.0|INFORM|          entangled to [xml_type]
2015-10-07 10:14:50|  10.9|  0.0|INFORM|Attribute(encoded: utf-16)  : `gml_id' has value `vegvesen.no.nvdb.rls.706450'
2015-10-07 10:14:50|  10.9|  0.0|INFORM|Attribute(encoded: utf-16)  : `gml_parent_property' has value `featureMember'
2015-10-07 10:14:50|  10.9|  0.0|INFORM|Attribute(encoded: utf-16)  : `identifikasjon.Identifikasjon.lokalId' has value `706450'
2015-10-07 10:14:50|  10.9|  0.0|INFORM|Attribute(encoded: utf-16)  : `identifikasjon.Identifikasjon.navnerom' has value `vegvesen.no.nvdb.rls'
2015-10-07 10:14:50|  10.9|  0.0|INFORM|Attribute(string)           : `multi_reader_keyword' has value `GML_1'
2015-10-07 10:14:50|  10.9|  0.0|INFORM|Attribute(encoded: utf-8)   : `nettverk' has value `vegvesen.no.nvdb.nv.403'
2015-10-07 10:14:50|  10.9|  0.0|INFORM|Attribute(encoded: utf-16)  : `nettverk.owns' has value `false'
2015-10-07 10:14:50|  10.9|  0.0|INFORM|Attribute(encoded: utf-16)  : `owns' has value `false'
2015-10-07 10:14:50|  10.9|  0.0|INFORM|Attribute(encoded: utf-8)   : `sekvensdel' has value `vegvesen.no.nvdb.rl.5571814'
2015-10-07 10:14:50|  10.9|  0.0|INFORM|Attribute(encoded: utf-16)  : `xml_ns_uri' has value `https://raw.githubusercontent.com/jetgeo/SOSI-Vegnett/master/Eksempler/XSD/'
2015-10-07 10:14:50|  10.9|  0.0|INFORM|Attribute(string)           : `xml_type' has value `xml_no_geom'
2015-10-07 10:14:50|  10.9|  0.0|INFORM|Coordinate System: `EPSG:25833'
2015-10-07 10:14:50|  10.9|  0.0|INFORM|Geometry Type: IFMENull
2015-10-07 10:14:50|  10.9|  0.0|INFORM|===========================================================================
2015-10-07 10:14:50|  10.9|  0.0|INFORM|Sekvensdeler_utenfor_aktuell_kommune: Feature is:
2015-10-07 10:14:50|  10.9|  0.0|INFORM|+++++++++++++++++++++++++++++++++++++++++++++++++++++++++++++++++++++++++++
2015-10-07 10:14:50|  10.9|  0.0|INFORM|Feature Type: `Sekvensdeler_utenfor_aktuell_kommune_LOGGED'
2015-10-07 10:14:50|  10.9|  0.0|INFORM|Attribute(32 bit integer)   : `_element_index' has value `1'
2015-10-07 10:14:50|  10.9|  0.0|INFORM|Attribute(string)           : `fme_basename' has value `Vegnettstest'
2015-10-07 10:14:50|  10.9|  0.0|INFORM|Attribute(string)           : `fme_dataset' has value `C:\DATA\GitHub\SOSI-Vegnett\trunk\Eksempler\GML\Vegnettstest.gml'
2015-10-07 10:14:50|  10.9|  0.0|INFORM|Attribute(string)           : `fme_feature_type' has value `Veglenkesekvens'
2015-10-07 10:14:50|  10.9|  0.0|INFORM|Attribute(string)           : `fme_geometry' has value `fme_undefined'
2015-10-07 10:14:50|  10.9|  0.0|INFORM|Attribute(entangled: string): `fme_type' has value `fme_no_geom'
2015-10-07 10:14:50|  10.9|  0.0|INFORM|          entangled to [xml_type]
2015-10-07 10:14:50|  10.9|  0.0|INFORM|Attribute(encoded: utf-16)  : `gml_id' has value `vegvesen.no.nvdb.rls.706450'
2015-10-07 10:14:50|  10.9|  0.0|INFORM|Attribute(encoded: utf-16)  : `gml_parent_property' has value `featureMember'
2015-10-07 10:14:50|  10.9|  0.0|INFORM|Attribute(encoded: utf-16)  : `identifikasjon.Identifikasjon.lokalId' has value `706450'
2015-10-07 10:14:50|  10.9|  0.0|INFORM|Attribute(encoded: utf-16)  : `identifikasjon.Identifikasjon.navnerom' has value `vegvesen.no.nvdb.rls'
2015-10-07 10:14:50|  10.9|  0.0|INFORM|Attribute(string)           : `multi_reader_keyword' has value `GML_1'
2015-10-07 10:14:50|  10.9|  0.0|INFORM|Attribute(encoded: utf-8)   : `nettverk' has value `vegvesen.no.nvdb.nv.403'
2015-10-07 10:14:50|  10.9|  0.0|INFORM|Attribute(encoded: utf-16)  : `nettverk.owns' has value `false'
2015-10-07 10:14:50|  10.9|  0.0|INFORM|Attribute(encoded: utf-16)  : `owns' has value `false'
2015-10-07 10:14:50|  10.9|  0.0|INFORM|Attribute(encoded: utf-8)   : `sekvensdel' has value `vegvesen.no.nvdb.rl.5571815'
2015-10-07 10:14:50|  10.9|  0.0|INFORM|Attribute(encoded: utf-16)  : `xml_ns_uri' has value `https://raw.githubusercontent.com/jetgeo/SOSI-Vegnett/master/Eksempler/XSD/'
2015-10-07 10:14:50|  10.9|  0.0|INFORM|Attribute(string)           : `xml_type' has value `xml_no_geom'
2015-10-07 10:14:50|  10.9|  0.0|INFORM|Coordinate System: `EPSG:25833'
2015-10-07 10:14:50|  10.9|  0.0|INFORM|Geometry Type: IFMENull
2015-10-07 10:14:50|  10.9|  0.0|INFORM|===========================================================================
2015-10-07 10:14:50|  10.9|  0.0|INFORM|Sekvensdeler_utenfor_aktuell_kommune: Feature is:
2015-10-07 10:14:50|  10.9|  0.0|INFORM|+++++++++++++++++++++++++++++++++++++++++++++++++++++++++++++++++++++++++++
2015-10-07 10:14:50|  10.9|  0.0|INFORM|Feature Type: `Sekvensdeler_utenfor_aktuell_kommune_LOGGED'
2015-10-07 10:14:50|  10.9|  0.0|INFORM|Attribute(32 bit integer)   : `_element_index' has value `2'
2015-10-07 10:14:50|  10.9|  0.0|INFORM|Attribute(string)           : `fme_basename' has value `Vegnettstest'
2015-10-07 10:14:50|  10.9|  0.0|INFORM|Attribute(string)           : `fme_dataset' has value `C:\DATA\GitHub\SOSI-Vegnett\trunk\Eksempler\GML\Vegnettstest.gml'
2015-10-07 10:14:50|  10.9|  0.0|INFORM|Attribute(string)           : `fme_feature_type' has value `Veglenkesekvens'
2015-10-07 10:14:50|  10.9|  0.0|INFORM|Attribute(string)           : `fme_geometry' has value `fme_undefined'
2015-10-07 10:14:50|  10.9|  0.0|INFORM|Attribute(entangled: string): `fme_type' has value `fme_no_geom'
2015-10-07 10:14:50|  10.9|  0.0|INFORM|          entangled to [xml_type]
2015-10-07 10:14:50|  10.9|  0.0|INFORM|Attribute(encoded: utf-16)  : `gml_id' has value `vegvesen.no.nvdb.rls.706450'
2015-10-07 10:14:50|  10.9|  0.0|INFORM|Attribute(encoded: utf-16)  : `gml_parent_property' has value `featureMember'
2015-10-07 10:14:50|  10.9|  0.0|INFORM|Attribute(encoded: utf-16)  : `identifikasjon.Identifikasjon.lokalId' has value `706450'
2015-10-07 10:14:50|  10.9|  0.0|INFORM|Attribute(encoded: utf-16)  : `identifikasjon.Identifikasjon.navnerom' has value `vegvesen.no.nvdb.rls'
2015-10-07 10:14:50|  10.9|  0.0|INFORM|Attribute(string)           : `multi_reader_keyword' has value `GML_1'
2015-10-07 10:14:50|  10.9|  0.0|INFORM|Attribute(encoded: utf-8)   : `nettverk' has value `vegvesen.no.nvdb.nv.403'
2015-10-07 10:14:50|  10.9|  0.0|INFORM|Attribute(encoded: utf-16)  : `nettverk.owns' has value `false'
2015-10-07 10:14:50|  10.9|  0.0|INFORM|Attribute(encoded: utf-16)  : `owns' has value `false'
2015-10-07 10:14:50|  10.9|  0.0|INFORM|Attribute(encoded: utf-8)   : `sekvensdel' has value `vegvesen.no.nvdb.rl.5571816'
2015-10-07 10:14:50|  10.9|  0.0|INFORM|Attribute(encoded: utf-16)  : `xml_ns_uri' has value `https://raw.githubusercontent.com/jetgeo/SOSI-Vegnett/master/Eksempler/XSD/'
2015-10-07 10:14:50|  10.9|  0.0|INFORM|Attribute(string)           : `xml_type' has value `xml_no_geom'
2015-10-07 10:14:50|  10.9|  0.0|INFORM|Coordinate System: `EPSG:25833'
2015-10-07 10:14:50|  10.9|  0.0|INFORM|Geometry Type: IFMENull
2015-10-07 10:14:50|  10.9|  0.0|INFORM|===========================================================================
2015-10-07 10:14:50|  10.9|  0.0|INFORM|Sekvensdeler_utenfor_aktuell_kommune: Feature is:
2015-10-07 10:14:50|  10.9|  0.0|INFORM|+++++++++++++++++++++++++++++++++++++++++++++++++++++++++++++++++++++++++++
2015-10-07 10:14:50|  10.9|  0.0|INFORM|Feature Type: `Sekvensdeler_utenfor_aktuell_kommune_LOGGED'
2015-10-07 10:14:50|  10.9|  0.0|INFORM|Attribute(32 bit integer)   : `_element_index' has value `0'
2015-10-07 10:14:50|  10.9|  0.0|INFORM|Attribute(string)           : `fme_basename' has value `Vegnettstest'
2015-10-07 10:14:50|  10.9|  0.0|INFORM|Attribute(string)           : `fme_dataset' has value `C:\DATA\GitHub\SOSI-Vegnett\trunk\Eksempler\GML\Vegnettstest.gml'
2015-10-07 10:14:50|  10.9|  0.0|INFORM|Attribute(string)           : `fme_feature_type' has value `Veglenkesekvens'
2015-10-07 10:14:50|  10.9|  0.0|INFORM|Attribute(string)           : `fme_geometry' has value `fme_undefined'
2015-10-07 10:14:50|  10.9|  0.0|INFORM|Attribute(entangled: string): `fme_type' has value `fme_no_geom'
2015-10-07 10:14:50|  10.9|  0.0|INFORM|          entangled to [xml_type]
2015-10-07 10:14:50|  10.9|  0.0|INFORM|Attribute(encoded: utf-16)  : `gml_id' has value `vegvesen.no.nvdb.rls.706456'
2015-10-07 10:14:50|  10.9|  0.0|INFORM|Attribute(encoded: utf-16)  : `gml_parent_property' has value `featureMember'
2015-10-07 10:14:50|  10.9|  0.0|INFORM|Attribute(encoded: utf-16)  : `identifikasjon.Identifikasjon.lokalId' has value `706456'
2015-10-07 10:14:50|  10.9|  0.0|INFORM|Attribute(encoded: utf-16)  : `identifikasjon.Identifikasjon.navnerom' has value `vegvesen.no.nvdb.rls'
2015-10-07 10:14:50|  10.9|  0.0|INFORM|Attribute(string)           : `multi_reader_keyword' has value `GML_1'
2015-10-07 10:14:50|  10.9|  0.0|INFORM|Attribute(encoded: utf-8)   : `nettverk' has value `vegvesen.no.nvdb.nv.403'
2015-10-07 10:14:50|  10.9|  0.0|INFORM|Attribute(encoded: utf-16)  : `nettverk.owns' has value `false'
2015-10-07 10:14:50|  10.9|  0.0|INFORM|Attribute(encoded: utf-16)  : `owns' has value `false'
2015-10-07 10:14:50|  10.9|  0.0|INFORM|Attribute(encoded: utf-8)   : `sekvensdel' has value `vegvesen.no.nvdb.rl.5571835'
2015-10-07 10:14:50|  10.9|  0.0|INFORM|Attribute(encoded: utf-16)  : `xml_ns_uri' has value `https://raw.githubusercontent.com/jetgeo/SOSI-Vegnett/master/Eksempler/XSD/'
2015-10-07 10:14:50|  10.9|  0.0|INFORM|Attribute(string)           : `xml_type' has value `xml_no_geom'
2015-10-07 10:14:50|  10.9|  0.0|INFORM|Coordinate System: `EPSG:25833'
2015-10-07 10:14:50|  10.9|  0.0|INFORM|Geometry Type: IFMENull
2015-10-07 10:14:50|  10.9|  0.0|INFORM|===========================================================================
2015-10-07 10:14:50|  10.9|  0.0|INFORM|Sekvensdeler_utenfor_aktuell_kommune: Feature is:
2015-10-07 10:14:50|  10.9|  0.0|INFORM|+++++++++++++++++++++++++++++++++++++++++++++++++++++++++++++++++++++++++++
2015-10-07 10:14:50|  10.9|  0.0|INFORM|Feature Type: `Sekvensdeler_utenfor_aktuell_kommune_LOGGED'
2015-10-07 10:14:50|  10.9|  0.0|INFORM|Attribute(32 bit integer)   : `_element_index' has value `1'
2015-10-07 10:14:50|  10.9|  0.0|INFORM|Attribute(string)           : `fme_basename' has value `Vegnettstest'
2015-10-07 10:14:50|  10.9|  0.0|INFORM|Attribute(string)           : `fme_dataset' has value `C:\DATA\GitHub\SOSI-Vegnett\trunk\Eksempler\GML\Vegnettstest.gml'
2015-10-07 10:14:50|  10.9|  0.0|INFORM|Attribute(string)           : `fme_feature_type' has value `Veglenkesekvens'
2015-10-07 10:14:50|  10.9|  0.0|INFORM|Attribute(string)           : `fme_geometry' has value `fme_undefined'
2015-10-07 10:14:50|  10.9|  0.0|INFORM|Attribute(entangled: string): `fme_type' has value `fme_no_geom'
2015-10-07 10:14:50|  10.9|  0.0|INFORM|          entangled to [xml_type]
2015-10-07 10:14:50|  10.9|  0.0|INFORM|Attribute(encoded: utf-16)  : `gml_id' has value `vegvesen.no.nvdb.rls.706456'
2015-10-07 10:14:50|  10.9|  0.0|INFORM|Attribute(encoded: utf-16)  : `gml_parent_property' has value `featureMember'
2015-10-07 10:14:50|  10.9|  0.0|INFORM|Attribute(encoded: utf-16)  : `identifikasjon.Identifikasjon.lokalId' has value `706456'
2015-10-07 10:14:50|  10.9|  0.0|INFORM|Attribute(encoded: utf-16)  : `identifikasjon.Identifikasjon.navnerom' has value `vegvesen.no.nvdb.rls'
2015-10-07 10:14:50|  10.9|  0.0|INFORM|Attribute(string)           : `multi_reader_keyword' has value `GML_1'
2015-10-07 10:14:50|  10.9|  0.0|INFORM|Attribute(encoded: utf-8)   : `nettverk' has value `vegvesen.no.nvdb.nv.403'
2015-10-07 10:14:50|  10.9|  0.0|INFORM|Attribute(encoded: utf-16)  : `nettverk.owns' has value `false'
2015-10-07 10:14:50|  10.9|  0.0|INFORM|Attribute(encoded: utf-16)  : `owns' has value `false'
2015-10-07 10:14:50|  10.9|  0.0|INFORM|Attribute(encoded: utf-8)   : `sekvensdel' has value `vegvesen.no.nvdb.rl.5571836'
2015-10-07 10:14:50|  10.9|  0.0|INFORM|Attribute(encoded: utf-16)  : `xml_ns_uri' has value `https://raw.githubusercontent.com/jetgeo/SOSI-Vegnett/master/Eksempler/XSD/'
2015-10-07 10:14:50|  10.9|  0.0|INFORM|Attribute(string)           : `xml_type' has value `xml_no_geom'
2015-10-07 10:14:50|  10.9|  0.0|INFORM|Coordinate System: `EPSG:25833'
2015-10-07 10:14:50|  10.9|  0.0|INFORM|Geometry Type: IFMENull
2015-10-07 10:14:50|  10.9|  0.0|INFORM|===========================================================================
2015-10-07 10:14:50|  10.9|  0.0|INFORM|Sekvensdeler_utenfor_aktuell_kommune: Feature is:
2015-10-07 10:14:50|  10.9|  0.0|INFORM|+++++++++++++++++++++++++++++++++++++++++++++++++++++++++++++++++++++++++++
2015-10-07 10:14:50|  10.9|  0.0|INFORM|Feature Type: `Sekvensdeler_utenfor_aktuell_kommune_LOGGED'
2015-10-07 10:14:50|  10.9|  0.0|INFORM|Attribute(32 bit integer)   : `_element_index' has value `2'
2015-10-07 10:14:50|  10.9|  0.0|INFORM|Attribute(string)           : `fme_basename' has value `Vegnettstest'
2015-10-07 10:14:50|  10.9|  0.0|INFORM|Attribute(string)           : `fme_dataset' has value `C:\DATA\GitHub\SOSI-Vegnett\trunk\Eksempler\GML\Vegnettstest.gml'
2015-10-07 10:14:50|  10.9|  0.0|INFORM|Attribute(string)           : `fme_feature_type' has value `Veglenkesekvens'
2015-10-07 10:14:50|  10.9|  0.0|INFORM|Attribute(string)           : `fme_geometry' has value `fme_undefined'
2015-10-07 10:14:50|  10.9|  0.0|INFORM|Attribute(entangled: string): `fme_type' has value `fme_no_geom'
2015-10-07 10:14:50|  10.9|  0.0|INFORM|          entangled to [xml_type]
2015-10-07 10:14:50|  10.9|  0.0|INFORM|Attribute(encoded: utf-16)  : `gml_id' has value `vegvesen.no.nvdb.rls.706456'
2015-10-07 10:14:50|  10.9|  0.0|INFORM|Attribute(encoded: utf-16)  : `gml_parent_property' has value `featureMember'
2015-10-07 10:14:50|  10.9|  0.0|INFORM|Attribute(encoded: utf-16)  : `identifikasjon.Identifikasjon.lokalId' has value `706456'
2015-10-07 10:14:50|  10.9|  0.0|INFORM|Attribute(encoded: utf-16)  : `identifikasjon.Identifikasjon.navnerom' has value `vegvesen.no.nvdb.rls'
2015-10-07 10:14:50|  10.9|  0.0|INFORM|Attribute(string)           : `multi_reader_keyword' has value `GML_1'
2015-10-07 10:14:50|  10.9|  0.0|INFORM|Attribute(encoded: utf-8)   : `nettverk' has value `vegvesen.no.nvdb.nv.403'
2015-10-07 10:14:50|  10.9|  0.0|INFORM|Attribute(encoded: utf-16)  : `nettverk.owns' has value `false'
2015-10-07 10:14:50|  10.9|  0.0|INFORM|Attribute(encoded: utf-16)  : `owns' has value `false'
2015-10-07 10:14:50|  10.9|  0.0|INFORM|Attribute(encoded: utf-8)   : `sekvensdel' has value `vegvesen.no.nvdb.rl.5571837'
2015-10-07 10:14:50|  10.9|  0.0|INFORM|Attribute(encoded: utf-16)  : `xml_ns_uri' has value `https://raw.githubusercontent.com/jetgeo/SOSI-Vegnett/master/Eksempler/XSD/'
2015-10-07 10:14:50|  10.9|  0.0|INFORM|Attribute(string)           : `xml_type' has value `xml_no_geom'
2015-10-07 10:14:50|  10.9|  0.0|INFORM|Coordinate System: `EPSG:25833'
2015-10-07 10:14:50|  10.9|  0.0|INFORM|Geometry Type: IFMENull
2015-10-07 10:14:50|  10.9|  0.0|INFORM|===========================================================================
2015-10-07 10:14:50|  10.9|  0.0|INFORM|Sekvensdeler_utenfor_aktuell_kommune: Feature is:
2015-10-07 10:14:50|  10.9|  0.0|INFORM|+++++++++++++++++++++++++++++++++++++++++++++++++++++++++++++++++++++++++++
2015-10-07 10:14:50|  10.9|  0.0|INFORM|Feature Type: `Sekvensdeler_utenfor_aktuell_kommune_LOGGED'
2015-10-07 10:14:50|  10.9|  0.0|INFORM|Attribute(32 bit integer)   : `_element_index' has value `0'
2015-10-07 10:14:50|  10.9|  0.0|INFORM|Attribute(string)           : `fme_basename' has value `Vegnettstest'
2015-10-07 10:14:50|  10.9|  0.0|INFORM|Attribute(string)           : `fme_dataset' has value `C:\DATA\GitHub\SOSI-Vegnett\trunk\Eksempler\GML\Vegnettstest.gml'
2015-10-07 10:14:50|  10.9|  0.0|INFORM|Attribute(string)           : `fme_feature_type' has value `Veglenkesekvens'
2015-10-07 10:14:50|  10.9|  0.0|INFORM|Attribute(string)           : `fme_geometry' has value `fme_undefined'
2015-10-07 10:14:50|  10.9|  0.0|INFORM|Attribute(entangled: string): `fme_type' has value `fme_no_geom'
2015-10-07 10:14:50|  10.9|  0.0|INFORM|          entangled to [xml_type]
2015-10-07 10:14:50|  10.9|  0.0|INFORM|Attribute(encoded: utf-16)  : `gml_id' has value `vegvesen.no.nvdb.rls.706498'
2015-10-07 10:14:50|  10.9|  0.0|INFORM|Attribute(encoded: utf-16)  : `gml_parent_property' has value `featureMember'
2015-10-07 10:14:50|  10.9|  0.0|INFORM|Attribute(encoded: utf-16)  : `identifikasjon.Identifikasjon.lokalId' has value `706498'
2015-10-07 10:14:50|  10.9|  0.0|INFORM|Attribute(encoded: utf-16)  : `identifikasjon.Identifikasjon.navnerom' has value `vegvesen.no.nvdb.rls'
2015-10-07 10:14:50|  10.9|  0.0|INFORM|Attribute(string)           : `multi_reader_keyword' has value `GML_1'
2015-10-07 10:14:50|  10.9|  0.0|INFORM|Attribute(encoded: utf-8)   : `nettverk' has value `vegvesen.no.nvdb.nv.403'
2015-10-07 10:14:50|  10.9|  0.0|INFORM|Attribute(encoded: utf-16)  : `nettverk.owns' has value `false'
2015-10-07 10:14:50|  10.9|  0.0|INFORM|Attribute(encoded: utf-16)  : `owns' has value `false'
2015-10-07 10:14:50|  10.9|  0.0|INFORM|Attribute(encoded: utf-8)   : `sekvensdel' has value `vegvesen.no.nvdb.rl.1353853'
2015-10-07 10:14:50|  10.9|  0.0|INFORM|Attribute(encoded: utf-16)  : `xml_ns_uri' has value `https://raw.githubusercontent.com/jetgeo/SOSI-Vegnett/master/Eksempler/XSD/'
2015-10-07 10:14:50|  10.9|  0.0|INFORM|Attribute(string)           : `xml_type' has value `xml_no_geom'
2015-10-07 10:14:50|  10.9|  0.0|INFORM|Coordinate System: `EPSG:25833'
2015-10-07 10:14:50|  10.9|  0.0|INFORM|Geometry Type: IFMENull
2015-10-07 10:14:50|  10.9|  0.0|INFORM|===========================================================================
2015-10-07 10:14:50|  10.9|  0.0|INFORM|Sekvensdeler_utenfor_aktuell_kommune: Feature is:
2015-10-07 10:14:50|  10.9|  0.0|INFORM|+++++++++++++++++++++++++++++++++++++++++++++++++++++++++++++++++++++++++++
2015-10-07 10:14:50|  10.9|  0.0|INFORM|Feature Type: `Sekvensdeler_utenfor_aktuell_kommune_LOGGED'
2015-10-07 10:14:50|  10.9|  0.0|INFORM|Attribute(32 bit integer)   : `_element_index' has value `0'
2015-10-07 10:14:50|  10.9|  0.0|INFORM|Attribute(string)           : `fme_basename' has value `Vegnettstest'
2015-10-07 10:14:50|  10.9|  0.0|INFORM|Attribute(string)           : `fme_dataset' has value `C:\DATA\GitHub\SOSI-Vegnett\trunk\Eksempler\GML\Vegnettstest.gml'
2015-10-07 10:14:50|  10.9|  0.0|INFORM|Attribute(string)           : `fme_feature_type' has value `Veglenkesekvens'
2015-10-07 10:14:50|  10.9|  0.0|INFORM|Attribute(string)           : `fme_geometry' has value `fme_undefined'
2015-10-07 10:14:50|  10.9|  0.0|INFORM|Attribute(entangled: string): `fme_type' has value `fme_no_geom'
2015-10-07 10:14:50|  10.9|  0.0|INFORM|          entangled to [xml_type]
2015-10-07 10:14:50|  10.9|  0.0|INFORM|Attribute(encoded: utf-16)  : `gml_id' has value `vegvesen.no.nvdb.rls.706499'
2015-10-07 10:14:50|  10.9|  0.0|INFORM|Attribute(encoded: utf-16)  : `gml_parent_property' has value `featureMember'
2015-10-07 10:14:50|  10.9|  0.0|INFORM|Attribute(encoded: utf-16)  : `identifikasjon.Identifikasjon.lokalId' has value `706499'
2015-10-07 10:14:50|  10.9|  0.0|INFORM|Attribute(encoded: utf-16)  : `identifikasjon.Identifikasjon.navnerom' has value `vegvesen.no.nvdb.rls'
2015-10-07 10:14:50|  10.9|  0.0|INFORM|Attribute(string)           : `multi_reader_keyword' has value `GML_1'
2015-10-07 10:14:50|  10.9|  0.0|INFORM|Attribute(encoded: utf-8)   : `nettverk' has value `vegvesen.no.nvdb.nv.403'
2015-10-07 10:14:50|  10.9|  0.0|INFORM|Attribute(encoded: utf-16)  : `nettverk.owns' has value `false'
2015-10-07 10:14:50|  10.9|  0.0|INFORM|Attribute(encoded: utf-16)  : `owns' has value `false'
2015-10-07 10:14:50|  10.9|  0.0|INFORM|Attribute(encoded: utf-8)   : `sekvensdel' has value `vegvesen.no.nvdb.rl.5571927'
2015-10-07 10:14:50|  10.9|  0.0|INFORM|Attribute(encoded: utf-16)  : `xml_ns_uri' has value `https://raw.githubusercontent.com/jetgeo/SOSI-Vegnett/master/Eksempler/XSD/'
2015-10-07 10:14:50|  10.9|  0.0|INFORM|Attribute(string)           : `xml_type' has value `xml_no_geom'
2015-10-07 10:14:50|  10.9|  0.0|INFORM|Coordinate System: `EPSG:25833'
2015-10-07 10:14:50|  10.9|  0.0|INFORM|Geometry Type: IFMENull
2015-10-07 10:14:50|  10.9|  0.0|INFORM|===========================================================================
2015-10-07 10:14:50|  10.9|  0.0|INFORM|Sekvensdeler_utenfor_aktuell_kommune: Feature is:
2015-10-07 10:14:50|  10.9|  0.0|INFORM|+++++++++++++++++++++++++++++++++++++++++++++++++++++++++++++++++++++++++++
2015-10-07 10:14:50|  10.9|  0.0|INFORM|Feature Type: `Sekvensdeler_utenfor_aktuell_kommune_LOGGED'
2015-10-07 10:14:50|  10.9|  0.0|INFORM|Attribute(32 bit integer)   : `_element_index' has value `0'
2015-10-07 10:14:50|  10.9|  0.0|INFORM|Attribute(string)           : `fme_basename' has value `Vegnettstest'
2015-10-07 10:14:50|  10.9|  0.0|INFORM|Attribute(string)           : `fme_dataset' has value `C:\DATA\GitHub\SOSI-Vegnett\trunk\Eksempler\GML\Vegnettstest.gml'
2015-10-07 10:14:50|  10.9|  0.0|INFORM|Attribute(string)           : `fme_feature_type' has value `Veglenkesekvens'
2015-10-07 10:14:50|  10.9|  0.0|INFORM|Attribute(string)           : `fme_geometry' has value `fme_undefined'
2015-10-07 10:14:50|  10.9|  0.0|INFORM|Attribute(entangled: string): `fme_type' has value `fme_no_geom'
2015-10-07 10:14:50|  10.9|  0.0|INFORM|          entangled to [xml_type]
2015-10-07 10:14:50|  10.9|  0.0|INFORM|Attribute(encoded: utf-16)  : `gml_id' has value `vegvesen.no.nvdb.rls.706506'
2015-10-07 10:14:50|  10.9|  0.0|INFORM|Attribute(encoded: utf-16)  : `gml_parent_property' has value `featureMember'
2015-10-07 10:14:50|  10.9|  0.0|INFORM|Attribute(encoded: utf-16)  : `identifikasjon.Identifikasjon.lokalId' has value `706506'
2015-10-07 10:14:50|  10.9|  0.0|INFORM|Attribute(encoded: utf-16)  : `identifikasjon.Identifikasjon.navnerom' has value `vegvesen.no.nvdb.rls'
2015-10-07 10:14:50|  10.9|  0.0|INFORM|Attribute(string)           : `multi_reader_keyword' has value `GML_1'
2015-10-07 10:14:50|  10.9|  0.0|INFORM|Attribute(encoded: utf-8)   : `nettverk' has value `vegvesen.no.nvdb.nv.403'
2015-10-07 10:14:50|  10.9|  0.0|INFORM|Attribute(encoded: utf-16)  : `nettverk.owns' has value `false'
2015-10-07 10:14:50|  10.9|  0.0|INFORM|Attribute(encoded: utf-16)  : `owns' has value `false'
2015-10-07 10:14:50|  10.9|  0.0|INFORM|Attribute(encoded: utf-8)   : `sekvensdel' has value `vegvesen.no.nvdb.rl.5571952'
2015-10-07 10:14:50|  10.9|  0.0|INFORM|Attribute(encoded: utf-16)  : `xml_ns_uri' has value `https://raw.githubusercontent.com/jetgeo/SOSI-Vegnett/master/Eksempler/XSD/'
2015-10-07 10:14:50|  10.9|  0.0|INFORM|Attribute(string)           : `xml_type' has value `xml_no_geom'
2015-10-07 10:14:50|  10.9|  0.0|INFORM|Coordinate System: `EPSG:25833'
2015-10-07 10:14:50|  10.9|  0.0|INFORM|Geometry Type: IFMENull
2015-10-07 10:14:50|  10.9|  0.0|INFORM|===========================================================================
2015-10-07 10:14:50|  10.9|  0.0|INFORM|Sekvensdeler_utenfor_aktuell_kommune: Feature is:
2015-10-07 10:14:50|  10.9|  0.0|INFORM|+++++++++++++++++++++++++++++++++++++++++++++++++++++++++++++++++++++++++++
2015-10-07 10:14:50|  10.9|  0.0|INFORM|Feature Type: `Sekvensdeler_utenfor_aktuell_kommune_LOGGED'
2015-10-07 10:14:50|  10.9|  0.0|INFORM|Attribute(32 bit integer)   : `_element_index' has value `1'
2015-10-07 10:14:50|  10.9|  0.0|INFORM|Attribute(string)           : `fme_basename' has value `Vegnettstest'
2015-10-07 10:14:50|  10.9|  0.0|INFORM|Attribute(string)           : `fme_dataset' has value `C:\DATA\GitHub\SOSI-Vegnett\trunk\Eksempler\GML\Vegnettstest.gml'
2015-10-07 10:14:50|  10.9|  0.0|INFORM|Attribute(string)           : `fme_feature_type' has value `Veglenkesekvens'
2015-10-07 10:14:50|  10.9|  0.0|INFORM|Attribute(string)           : `fme_geometry' has value `fme_undefined'
2015-10-07 10:14:50|  10.9|  0.0|INFORM|Attribute(entangled: string): `fme_type' has value `fme_no_geom'
2015-10-07 10:14:50|  10.9|  0.0|INFORM|          entangled to [xml_type]
2015-10-07 10:14:50|  10.9|  0.0|INFORM|Attribute(encoded: utf-16)  : `gml_id' has value `vegvesen.no.nvdb.rls.706506'
2015-10-07 10:14:50|  10.9|  0.0|INFORM|Attribute(encoded: utf-16)  : `gml_parent_property' has value `featureMember'
2015-10-07 10:14:50|  10.9|  0.0|INFORM|Attribute(encoded: utf-16)  : `identifikasjon.Identifikasjon.lokalId' has value `706506'
2015-10-07 10:14:50|  10.9|  0.0|INFORM|Attribute(encoded: utf-16)  : `identifikasjon.Identifikasjon.navnerom' has value `vegvesen.no.nvdb.rls'
2015-10-07 10:14:50|  10.9|  0.0|INFORM|Attribute(string)           : `multi_reader_keyword' has value `GML_1'
2015-10-07 10:14:50|  10.9|  0.0|INFORM|Attribute(encoded: utf-8)   : `nettverk' has value `vegvesen.no.nvdb.nv.403'
2015-10-07 10:14:50|  10.9|  0.0|INFORM|Attribute(encoded: utf-16)  : `nettverk.owns' has value `false'
2015-10-07 10:14:50|  10.9|  0.0|INFORM|Attribute(encoded: utf-16)  : `owns' has value `false'
2015-10-07 10:14:50|  10.9|  0.0|INFORM|Attribute(encoded: utf-8)   : `sekvensdel' has value `vegvesen.no.nvdb.rl.5571953'
2015-10-07 10:14:50|  10.9|  0.0|INFORM|Attribute(encoded: utf-16)  : `xml_ns_uri' has value `https://raw.githubusercontent.com/jetgeo/SOSI-Vegnett/master/Eksempler/XSD/'
2015-10-07 10:14:50|  10.9|  0.0|INFORM|Attribute(string)           : `xml_type' has value `xml_no_geom'
2015-10-07 10:14:50|  10.9|  0.0|INFORM|Coordinate System: `EPSG:25833'
2015-10-07 10:14:50|  10.9|  0.0|INFORM|Geometry Type: IFMENull
2015-10-07 10:14:50|  10.9|  0.0|INFORM|===========================================================================
2015-10-07 10:14:50|  10.9|  0.0|INFORM|Sekvensdeler_utenfor_aktuell_kommune: Feature is:
2015-10-07 10:14:50|  10.9|  0.0|INFORM|+++++++++++++++++++++++++++++++++++++++++++++++++++++++++++++++++++++++++++
2015-10-07 10:14:50|  10.9|  0.0|INFORM|Feature Type: `Sekvensdeler_utenfor_aktuell_kommune_LOGGED'
2015-10-07 10:14:50|  10.9|  0.0|INFORM|Attribute(32 bit integer)   : `_element_index' has value `2'
2015-10-07 10:14:50|  10.9|  0.0|INFORM|Attribute(string)           : `fme_basename' has value `Vegnettstest'
2015-10-07 10:14:50|  10.9|  0.0|INFORM|Attribute(string)           : `fme_dataset' has value `C:\DATA\GitHub\SOSI-Vegnett\trunk\Eksempler\GML\Vegnettstest.gml'
2015-10-07 10:14:50|  10.9|  0.0|INFORM|Attribute(string)           : `fme_feature_type' has value `Veglenkesekvens'
2015-10-07 10:14:50|  10.9|  0.0|INFORM|Attribute(string)           : `fme_geometry' has value `fme_undefined'
2015-10-07 10:14:50|  10.9|  0.0|INFORM|Attribute(entangled: string): `fme_type' has value `fme_no_geom'
2015-10-07 10:14:50|  10.9|  0.0|INFORM|          entangled to [xml_type]
2015-10-07 10:14:50|  10.9|  0.0|INFORM|Attribute(encoded: utf-16)  : `gml_id' has value `vegvesen.no.nvdb.rls.706506'
2015-10-07 10:14:50|  10.9|  0.0|INFORM|Attribute(encoded: utf-16)  : `gml_parent_property' has value `featureMember'
2015-10-07 10:14:50|  10.9|  0.0|INFORM|Attribute(encoded: utf-16)  : `identifikasjon.Identifikasjon.lokalId' has value `706506'
2015-10-07 10:14:50|  10.9|  0.0|INFORM|Attribute(encoded: utf-16)  : `identifikasjon.Identifikasjon.navnerom' has value `vegvesen.no.nvdb.rls'
2015-10-07 10:14:50|  10.9|  0.0|INFORM|Attribute(string)           : `multi_reader_keyword' has value `GML_1'
2015-10-07 10:14:50|  10.9|  0.0|INFORM|Attribute(encoded: utf-8)   : `nettverk' has value `vegvesen.no.nvdb.nv.403'
2015-10-07 10:14:50|  10.9|  0.0|INFORM|Attribute(encoded: utf-16)  : `nettverk.owns' has value `false'
2015-10-07 10:14:50|  10.9|  0.0|INFORM|Attribute(encoded: utf-16)  : `owns' has value `false'
2015-10-07 10:14:50|  10.9|  0.0|INFORM|Attribute(encoded: utf-8)   : `sekvensdel' has value `vegvesen.no.nvdb.rl.5571954'
2015-10-07 10:14:50|  10.9|  0.0|INFORM|Attribute(encoded: utf-16)  : `xml_ns_uri' has value `https://raw.githubusercontent.com/jetgeo/SOSI-Vegnett/master/Eksempler/XSD/'
2015-10-07 10:14:50|  10.9|  0.0|INFORM|Attribute(string)           : `xml_type' has value `xml_no_geom'
2015-10-07 10:14:50|  10.9|  0.0|INFORM|Coordinate System: `EPSG:25833'
2015-10-07 10:14:50|  10.9|  0.0|INFORM|Geometry Type: IFMENull
2015-10-07 10:14:50|  10.9|  0.0|INFORM|===========================================================================
2015-10-07 10:14:50|  11.0|  0.0|INFORM|Sekvensdeler_utenfor_aktuell_kommune: Feature is:
2015-10-07 10:14:50|  11.0|  0.0|INFORM|+++++++++++++++++++++++++++++++++++++++++++++++++++++++++++++++++++++++++++
2015-10-07 10:14:50|  11.0|  0.0|INFORM|Feature Type: `Sekvensdeler_utenfor_aktuell_kommune_LOGGED'
2015-10-07 10:14:50|  11.0|  0.0|INFORM|Attribute(32 bit integer)   : `_element_index' has value `0'
2015-10-07 10:14:50|  11.0|  0.0|INFORM|Attribute(string)           : `fme_basename' has value `Vegnettstest'
2015-10-07 10:14:50|  11.0|  0.0|INFORM|Attribute(string)           : `fme_dataset' has value `C:\DATA\GitHub\SOSI-Vegnett\trunk\Eksempler\GML\Vegnettstest.gml'
2015-10-07 10:14:50|  11.0|  0.0|INFORM|Attribute(string)           : `fme_feature_type' has value `Veglenkesekvens'
2015-10-07 10:14:50|  11.0|  0.0|INFORM|Attribute(string)           : `fme_geometry' has value `fme_undefined'
2015-10-07 10:14:50|  11.0|  0.0|INFORM|Attribute(entangled: string): `fme_type' has value `fme_no_geom'
2015-10-07 10:14:50|  11.0|  0.0|INFORM|          entangled to [xml_type]
2015-10-07 10:14:50|  11.0|  0.0|INFORM|Attribute(encoded: utf-16)  : `gml_id' has value `vegvesen.no.nvdb.rls.706445'
2015-10-07 10:14:50|  11.0|  0.0|INFORM|Attribute(encoded: utf-16)  : `gml_parent_property' has value `featureMember'
2015-10-07 10:14:50|  11.0|  0.0|INFORM|Attribute(encoded: utf-16)  : `identifikasjon.Identifikasjon.lokalId' has value `706445'
2015-10-07 10:14:50|  11.0|  0.0|INFORM|Attribute(encoded: utf-16)  : `identifikasjon.Identifikasjon.navnerom' has value `vegvesen.no.nvdb.rls'
2015-10-07 10:14:50|  11.0|  0.0|INFORM|Attribute(string)           : `multi_reader_keyword' has value `GML_1'
2015-10-07 10:14:50|  11.0|  0.0|INFORM|Attribute(encoded: utf-8)   : `nettverk' has value `vegvesen.no.nvdb.nv.403'
2015-10-07 10:14:50|  11.0|  0.0|INFORM|Attribute(encoded: utf-16)  : `nettverk.owns' has value `false'
2015-10-07 10:14:50|  11.0|  0.0|INFORM|Attribute(encoded: utf-16)  : `owns' has value `false'
2015-10-07 10:14:50|  11.0|  0.0|INFORM|Attribute(encoded: utf-8)   : `sekvensdel' has value `vegvesen.no.nvdb.rl.5571794'
2015-10-07 10:14:50|  11.0|  0.0|INFORM|Attribute(encoded: utf-16)  : `xml_ns_uri' has value `https://raw.githubusercontent.com/jetgeo/SOSI-Vegnett/master/Eksempler/XSD/'
2015-10-07 10:14:50|  11.0|  0.0|INFORM|Attribute(string)           : `xml_type' has value `xml_no_geom'
2015-10-07 10:14:50|  11.0|  0.0|INFORM|Coordinate System: `EPSG:25833'
2015-10-07 10:14:50|  11.0|  0.0|INFORM|Geometry Type: IFMENull
2015-10-07 10:14:50|  11.0|  0.0|INFORM|===========================================================================
2015-10-07 10:14:50|  11.1|  0.1|STATS |FeatureMerger(ReferenceFactory): Total Results: 8423 Complete Feature(s), 113 Incomplete Feature(s), 0 Referenced Feature(s), 0 Unreferenced Feature(s), 0 Referencer Feature(s) (NO REFERENCES), 0 Referencee Feature(s) (NO Referencee fields defined), and 0 Duplicate Referencee Feature(s)
2015-10-07 10:14:50|  11.1|  0.0|STATS |FeatureMerger_MERGED Feature Counter -1 42(TeeFactory): Cloned 8423 input feature(s) into 8423 output feature(s)
2015-10-07 10:14:50|  11.1|  0.0|STATS |FeatureMerger_NOT_MERGED Feature Counter -1 38(TeeFactory): Cloned 113 input feature(s) into 113 output feature(s)
2015-10-07 10:14:50|  11.1|  0.0|STATS |Sekvensdeler_utenfor_aktuell_kommune_Logger(TeeFactory): Cloned 113 input feature(s) into 113 output feature(s)
2015-10-07 10:14:50|  11.1|  0.0|STATS |Sekvensdeler_utenfor_aktuell_kommune LOGGED Output Nuker(TeeFactory): Cloned 113 input feature(s) into 0 output feature(s)
2015-10-07 10:14:50|  11.1|  0.0|INFORM|SPATIALITE writer: Creating layer 'veglenkesekvens' with geometry type 'wkb_multi_line_xyz'
2015-10-07 10:14:50|  11.1|  0.0|INFORM|SPATIALITE writer: Committing transaction of 1000 features to feature types 'vegnode, veglenkesekvens'...
2015-10-07 10:14:51|  11.2|  0.1|INFORM|SPATIALITE writer: Committing transaction of 1000 features to feature types 'veglenkesekvens'...
2015-10-07 10:14:51|  11.4|  0.2|INFORM|... Last line repeated 2 times ...
2015-10-07 10:14:51|  11.4|  0.0|STATS |Aggregator(AggregateFactory): Combined 8423 input feature(s) into 4015 output feature(s), including 0 singleton(s)
2015-10-07 10:14:51|  11.4|  0.0|STATS |Aggregator_AGGREGATE Feature Counter -1 43(TeeFactory): Cloned 4015 input feature(s) into 4015 output feature(s)
2015-10-07 10:14:51|  11.4|  0.0|STATS |Destination Feature Type Routing Correlator(RoutingFactory): Tested 19414 input feature(s), wrote 19414 output feature(s): 0 matched merge filters, 19414 were routed to output, 0 could not be routed.
2015-10-07 10:14:51|  11.4|  0.0|STATS |Final Output Nuker(TeeFactory): Cloned 0 input feature(s) into 0 output feature(s)
2015-10-07 10:14:51|  11.5|  0.0|INFORM|=-=-=-=-=-=-=-=-=-=-=-=-=-=-=-=-=-=-=-=-=-=-=-=-=-=-=-=-=-=-=-=-=-=-=-=-=-=-=-
2015-10-07 10:14:51|  11.5|  0.0|INFORM|Feature output statistics for `FFS' writer using keyword `W_1':
2015-10-07 10:14:51|  11.5|  0.0|STATS |=-=-=-=-=-=-=-=-=-=-=-=-=-=-=-=-=-=-=-=-=-=-=-=-=-=-=-=-=-=-=-=-=-=-=-=-=-=-=-
2015-10-07 10:14:51|  11.5|  0.0|STATS |                               Features Written
2015-10-07 10:14:51|  11.5|  0.0|STATS |=-=-=-=-=-=-=-=-=-=-=-=-=-=-=-=-=-=-=-=-=-=-=-=-=-=-=-=-=-=-=-=-=-=-=-=-=-=-=-
2015-10-07 10:14:51|  11.5|  0.0|STATS |==============================================================================
2015-10-07 10:14:51|  11.5|  0.0|STATS |Total Features Written                                                       0
2015-10-07 10:14:51|  11.5|  0.0|STATS |=-=-=-=-=-=-=-=-=-=-=-=-=-=-=-=-=-=-=-=-=-=-=-=-=-=-=-=-=-=-=-=-=-=-=-=-=-=-=-
2015-10-07 10:14:51|  11.5|  0.0|INFORM|SPATIALITE writer: Committing transaction of 414 features to feature types 'veglenkesekvens'...
2015-10-07 10:14:51|  11.7|  0.3|INFORM|=-=-=-=-=-=-=-=-=-=-=-=-=-=-=-=-=-=-=-=-=-=-=-=-=-=-=-=-=-=-=-=-=-=-=-=-=-=-=-
2015-10-07 10:14:51|  11.7|  0.0|INFORM|Feature output statistics for `SPATIALITE' writer using keyword `SPATIALITE_1':
2015-10-07 10:14:51|  11.7|  0.0|STATS |=-=-=-=-=-=-=-=-=-=-=-=-=-=-=-=-=-=-=-=-=-=-=-=-=-=-=-=-=-=-=-=-=-=-=-=-=-=-=-
2015-10-07 10:14:51|  11.7|  0.0|STATS |                               Features Written
2015-10-07 10:14:51|  11.7|  0.0|STATS |=-=-=-=-=-=-=-=-=-=-=-=-=-=-=-=-=-=-=-=-=-=-=-=-=-=-=-=-=-=-=-=-=-=-=-=-=-=-=-
2015-10-07 10:14:51|  11.7|  0.0|STATS |nettverk                                                                     1
2015-10-07 10:14:51|  11.7|  0.0|STATS |veglenke                                                                  8423
2015-10-07 10:14:51|  11.7|  0.0|STATS |veglenkesekvens                                                           4015
2015-10-07 10:14:51|  11.7|  0.0|STATS |vegnode                                                                   6975
2015-10-07 10:14:51|  11.7|  0.0|STATS |==============================================================================
2015-10-07 10:14:51|  11.7|  0.0|STATS |Total Features Written                                                   19414
2015-10-07 10:14:51|  11.7|  0.0|STATS |=-=-=-=-=-=-=-=-=-=-=-=-=-=-=-=-=-=-=-=-=-=-=-=-=-=-=-=-=-=-=-=-=-=-=-=-=-=-=-
2015-10-07 10:14:51|  11.7|  0.0|STATS |=-=-=-=-=-=-=-=-=-=-=-=-=-=-=-=-=-=-=-=-=-=-=-=-=-=-=-=-=-=-=-=-=-=-=-=-=-=-=-
2015-10-07 10:14:51|  11.7|  0.0|STATS |                            Features Read Summary
2015-10-07 10:14:51|  11.7|  0.0|STATS |=-=-=-=-=-=-=-=-=-=-=-=-=-=-=-=-=-=-=-=-=-=-=-=-=-=-=-=-=-=-=-=-=-=-=-=-=-=-=-
2015-10-07 10:14:51|  11.7|  0.0|STATS |Nettverk                                                                     1
2015-10-07 10:14:51|  11.7|  0.0|STATS |Veglenke                                                                  8423
2015-10-07 10:14:51|  11.7|  0.0|STATS |Veglenkesekvens                                                           4062
2015-10-07 10:14:51|  11.7|  0.0|STATS |Vegnode                                                                   6975
2015-10-07 10:14:51|  11.7|  0.0|STATS |==============================================================================
2015-10-07 10:14:51|  11.7|  0.0|STATS |Total Features Read                                                      19461
2015-10-07 10:14:51|  11.7|  0.0|STATS |=-=-=-=-=-=-=-=-=-=-=-=-=-=-=-=-=-=-=-=-=-=-=-=-=-=-=-=-=-=-=-=-=-=-=-=-=-=-=-
2015-10-07 10:14:51|  11.7|  0.0|STATS |=-=-=-=-=-=-=-=-=-=-=-=-=-=-=-=-=-=-=-=-=-=-=-=-=-=-=-=-=-=-=-=-=-=-=-=-=-=-=-
2015-10-07 10:14:51|  11.7|  0.0|STATS |                           Features Written Summary
2015-10-07 10:14:51|  11.7|  0.0|STATS |=-=-=-=-=-=-=-=-=-=-=-=-=-=-=-=-=-=-=-=-=-=-=-=-=-=-=-=-=-=-=-=-=-=-=-=-=-=-=-
2015-10-07 10:14:51|  11.7|  0.0|STATS |nettverk                                                                     1
2015-10-07 10:14:51|  11.7|  0.0|STATS |veglenke                                                                  8423
2015-10-07 10:14:51|  11.7|  0.0|STATS |veglenkesekvens                                                           4015
2015-10-07 10:14:51|  11.7|  0.0|STATS |vegnode                                                                   6975
2015-10-07 10:14:51|  11.7|  0.0|STATS |==============================================================================
2015-10-07 10:14:51|  11.7|  0.0|STATS |Total Features Written                                                   19414
2015-10-07 10:14:51|  11.7|  0.0|STATS |=-=-=-=-=-=-=-=-=-=-=-=-=-=-=-=-=-=-=-=-=-=-=-=-=-=-=-=-=-=-=-=-=-=-=-=-=-=-=-
2015-10-07 10:14:51|  11.7|  0.0|INFORM|Translation was SUCCESSFUL with 0 warning(s) (19414 feature(s) output)
2015-10-07 10:14:51|  11.7|  0.0|STATS |Stored 20 feature(s) to FME feature store file `C:\DATA\GitHub\SOSI-Vegnett\trunk\Eksempler\FME\Vegnett_gml2spatialite_log.ffs'
2015-10-07 10:14:51|  11.7|  0.0|INFORM|FME Session Duration: 14.5 seconds. (CPU: 11.2s user, 0.5s system)
2015-10-07 10:14:51|  11.7|  0.0|INFORM|END - ProcessID: 12128, peak process memory usage: 239396 kB, current process memory usage: 211320 kB
