2015-10-05 16:43:54|   0.0|  0.0|INFORM|FME 2016.0.0.0 Beta (20150909 - Build 16085 - WIN64)
2015-10-05 16:43:54|   0.0|  0.0|INFORM|FME_HOME is 'C:\Program Files\FME2016\64\'
2015-10-05 16:43:54|   0.0|  0.0|INFORM|FME ESRI Edition (node locked-crc)
2015-10-05 16:43:54|   0.0|  0.0|INFORM|Serial Number: S0601A0917
2015-10-05 16:43:54|   0.0|  0.0|INFORM|Permanent License.
2015-10-05 16:43:54|   0.0|  0.0|INFORM|Machine host name is: SVV-55247
2015-10-05 16:43:54|   0.0|  0.0|INFORM|START - ProcessID: 3312, peak process memory usage: 39180 kB, current process memory usage: 39180 kB
2015-10-05 16:43:54|   0.0|  0.0|INFORM|FME Configuration: Command line arguments are `C:\Program Files\FME2016\64\fme.exe' `C:/DATA/GitHub/SOSI-Vegnett/Eksempler/FME\wb-xlate-1444056234343_11508' `LOG_STANDARDOUT' `YES' `LogCountServerName' `{a1f14615-57a4-42a3-9f5f-790ec529e1bb}'
2015-10-05 16:43:54|   0.1|  0.0|INFORM|Shared folders for formats are : C:\Program Files\FME2016\64\datasources;C:\Users\knjetl\AppData\Roaming\Safe Software\FME\FME Store\Formats;\\SVV1P04AUSER01\KNJETL$\documents\FME\Formats
2015-10-05 16:43:54|   0.1|  0.0|INFORM|Shared folders for transformers are : C:\Program Files\FME2016\64\transformers;C:\Users\knjetl\AppData\Roaming\Safe Software\FME\FME Store\Transformers;\\SVV1P04AUSER01\KNJETL$\documents\FME\Transformers
2015-10-05 16:43:54|   0.1|  0.0|INFORM|Shared folders for coordinate systems are : \\SVV1P04AUSER01\KNJETL$\documents\FME\CoordinateSystems
2015-10-05 16:43:54|   0.1|  0.0|INFORM|Shared folders for coordinate system exceptions are : \\SVV1P04AUSER01\KNJETL$\documents\FME\CoordinateSystemExceptions
2015-10-05 16:43:54|   0.1|  0.0|INFORM|Shared folders for coordinate system grid overrides are : \\SVV1P04AUSER01\KNJETL$\documents\FME\CoordinateSystemGridOverrides
2015-10-05 16:43:54|   0.1|  0.0|INFORM|Shared folders for CS-MAP transformation exceptions are : \\SVV1P04AUSER01\KNJETL$\documents\FME\CsmapTransformationExceptions
2015-10-05 16:43:54|   0.1|  0.0|INFORM|Shared folders for transformer categories are : \\SVV1P04AUSER01\KNJETL$\documents\FME\TransformerCategories
2015-10-05 16:43:54|   0.1|  0.0|INFORM|FME Configuration: Reader Keyword is `NULL_SOURCE'
2015-10-05 16:43:54|   0.1|  0.0|INFORM|FME Configuration: Writer Keyword is `MULTI_WRITER'
2015-10-05 16:43:54|   0.1|  0.0|INFORM|FME Configuration: Writer Group Definition Keyword is `MULTI_WRITER_DEF'
2015-10-05 16:43:54|   0.1|  0.0|INFORM|FME Configuration: Reader type is `NULL'
2015-10-05 16:43:54|   0.1|  0.0|INFORM|FME Configuration: Writer type is `MULTI_WRITER'
2015-10-05 16:43:54|   0.1|  0.0|INFORM|FME Configuration: No destination coordinate system set
2015-10-05 16:43:54|   0.1|  0.0|INFORM|FME Configuration: Current working folder is `C:\DATA\GitHub\SOSI-Vegnett\Eksempler\FME'
2015-10-05 16:43:54|   0.1|  0.0|INFORM|FME Configuration: Temporary folder is `C:\Users\knjetl\AppData\Local\Temp'
2015-10-05 16:43:54|   0.1|  0.0|INFORM|FME Configuration: FME_HOME is `C:\Program Files\FME2016\64\'
2015-10-05 16:43:54|   0.1|  0.0|INFORM|FME Configuration: FME_BASE is 'no'
2015-10-05 16:43:54|   0.1|  0.0|INFORM|FME Configuration: FME_MF_DIR is 'C:\DATA\GitHub\SOSI-Vegnett\Eksempler\FME/'
2015-10-05 16:43:54|   0.1|  0.0|INFORM|FME Configuration: FME_MF_NAME is 'Vegnett_TNE2GML.fmw'
2015-10-05 16:43:54|   0.1|  0.0|INFORM|FME Configuration: FME_PRODUCT_NAME is 'FME(R) 2016.0.0.0'
2015-10-05 16:43:54|   0.1|  0.0|INFORM|System Status: 110.29 GB of disk space available in the FME temporary folder (C:\Users\knjetl\AppData\Local\Temp)
2015-10-05 16:43:54|   0.1|  0.0|INFORM|System Status: 8.00 TB of virtual memory available
2015-10-05 16:43:54|   0.1|  0.0|INFORM|Operating System: Microsoft Windows 7 64-bit Service Pack 1 (Build 7601)
2015-10-05 16:43:54|   0.1|  0.0|INFORM|FME Platform: WIN64
2015-10-05 16:43:54|   0.1|  0.0|INFORM|Locale: nb_NO
2015-10-05 16:43:54|   0.1|  0.0|INFORM|Code Page: 1252  (ANSI - latin I)
2015-10-05 16:43:54|   0.1|  0.0|INFORM|FME Configuration: Process limits are 31.91 GB of physical memory and 8.00 TB of address space
2015-10-05 16:43:54|   0.1|  0.0|INFORM|FME Configuration: Start freeing memory when process usage exceeds 12.00 GB of memory or 8.00 TB of address space
2015-10-05 16:43:54|   0.1|  0.0|INFORM|FME Configuration: Stop freeing memory when process usage is below 9.00 GB of memory and 6.00 TB of address space
2015-10-05 16:43:54|   0.1|  0.0|INFORM|Creating writer for format: 
2015-10-05 16:43:55|   0.1|  0.0|INFORM|Creating reader for format: NULL (Nothing)
2015-10-05 16:43:55|   0.1|  0.0|INFORM|Trying to find a DYNAMIC plugin for reader named `NULL'
2015-10-05 16:43:55|   0.1|  0.0|INFORM|Loaded module 'NULL' from file 'C:\Program Files\FME2016\64\plugins/NULL.dll'
2015-10-05 16:43:55|   0.1|  0.0|INFORM|FME API version of module 'NULL' matches current internal version (3.8 20150716)
2015-10-05 16:43:55|   0.1|  0.0|INFORM|Using MultiWriter $Revision$ ( $Date$ ) with keyword `MULTI_WRITER' to output data (ID_ATTRIBUTE is `multi_writer_id')
2015-10-05 16:43:55|   0.1|  0.0|INFORM|Writer output will be ordered by value of multi_writer_id
2015-10-05 16:43:55|   0.1|  0.0|INFORM|Loaded module 'LogCount_func' from file 'C:\Program Files\FME2016\64\plugins/LogCount_func.dll'
2015-10-05 16:43:55|   0.1|  0.0|INFORM|FME API version of module 'LogCount_func' matches current internal version (3.8 20150716)
2015-10-05 16:43:55|   0.1|  0.0|INFORM|Creating writer for format: FME Feature Store (FFS)
2015-10-05 16:43:55|   0.1|  0.0|INFORM|FME Configuration: No destination coordinate system set
2015-10-05 16:43:55|   0.1|  0.0|INFORM|Loaded module 'Geometry_func' from file 'C:\Program Files\FME2016\64\plugins/Geometry_func.dll'
2015-10-05 16:43:55|   0.1|  0.0|INFORM|FME API version of module 'Geometry_func' matches current internal version (3.8 20150716)
2015-10-05 16:43:55|   0.1|  0.0|INFORM|Loaded module 'QueryFactory' from file 'C:\Program Files\FME2016\64\plugins/QueryFactory.dll'
2015-10-05 16:43:55|   0.1|  0.0|INFORM|FME API version of module 'QueryFactory' matches current internal version (3.8 20150716)
2015-10-05 16:43:55|   0.2|  0.0|INFORM|... Last line repeated 3 times ...
2015-10-05 16:43:55|   0.2|  0.0|INFORM|Loaded module 'PythonFactory' from file 'C:\Program Files\FME2016\64\plugins/PythonFactory.dll'
2015-10-05 16:43:55|   0.2|  0.0|INFORM|FME API version of module 'PythonFactory' matches current internal version (3.8 20150716)
2015-10-05 16:43:55|   0.2|  0.0|INFORM|Python version 2.7 loaded successfully
2015-10-05 16:43:55|   0.2|  0.0|INFORM|Adding folder `C:\DATA\GitHub\SOSI-Vegnett\Eksempler\FME\' to the python path
2015-10-05 16:43:55|   0.2|  0.0|INFORM|Loaded module 'InlineQueryFactory' from file 'C:\Program Files\FME2016\64\plugins/InlineQueryFactory.dll'
2015-10-05 16:43:55|   0.2|  0.0|INFORM|FME API version of module 'InlineQueryFactory' matches current internal version (3.8 20150716)
2015-10-05 16:43:55|   0.2|  0.0|INFORM|Loaded module 'GQueryFactory' from file 'C:\Program Files\FME2016\64\plugins/GQueryFactory.dll'
2015-10-05 16:43:55|   0.2|  0.0|INFORM|FME API version of module 'GQueryFactory' matches current internal version (3.8 20150716)
2015-10-05 16:43:55|   0.2|  0.0|INFORM|FME API version of module 'PythonFactory' matches current internal version (3.8 20150716)
2015-10-05 16:43:55|   0.2|  0.0|INFORM|FME API version of module 'InlineQueryFactory' matches current internal version (3.8 20150716)
2015-10-05 16:43:55|   0.2|  0.0|INFORM|FME API version of module 'InlineQueryFactory' matches current internal version (3.8 20150716)
2015-10-05 16:43:55|   0.2|  0.0|INFORM|FME API version of module 'GQueryFactory' matches current internal version (3.8 20150716)
2015-10-05 16:43:55|   0.2|  0.0|INFORM|Emptying factory pipeline
2015-10-05 16:43:55|   0.2|  0.0|INFORM|Creating reader for format: Esri Geodatabase (File Geodb ArcObjects)
2015-10-05 16:43:55|   0.2|  0.0|INFORM|Trying to find a DYNAMIC plugin for reader named `GEODATABASE_FILE'
2015-10-05 16:43:55|   0.3|  0.0|INFORM|Loaded module 'GEODATABASE_FILE' from file 'C:\Program Files\FME2016\64\GEODATABASE9.dll'
2015-10-05 16:43:55|   0.3|  0.0|INFORM|FME API version of module 'GEODATABASE_FILE' matches current internal version (3.8 20150716)
2015-10-05 16:43:55|   0.3|  0.0|INFORM|Performing query against GEODATABASE_FILE dataset `K:\Vektor\00\23-N250\00\EsriGDB\N250.gdb'
2015-10-05 16:43:55|   0.3|  0.0|INFORM|Opening the Geodatabase reader
2015-10-05 16:43:56|   0.9|  0.6|INFORM|FME has checked out an Esri license. The product checked out is 'ArcInfo'
2015-10-05 16:43:56|   0.9|  0.0|INFORM|Installed ArcGIS version is '10.2'
2015-10-05 16:43:56|   1.1|  0.2|INFORM|Connected to the File Geodatabase at 'K:\Vektor\00\23-N250\00\EsriGDB\N250.gdb'
2015-10-05 16:43:56|   1.1|  0.0|INFORM|File Geodatabase release: '10.0'
2015-10-05 16:43:56|   1.1|  0.0|INFORM|R_1 Reader: Using Enhanced geometry
2015-10-05 16:43:56|   1.1|  0.0|INFORM|All relationship information will be ignored. As a result, simple relationships will not be read, and attributed relationships will be read as tables
2015-10-05 16:43:57|   1.3|  0.2|INFORM|The OGC definition of the FME coordinate system 'UTM84-33N' is 'PROJCS["WGS_1984_UTM_Zone_33N",GEOGCS["GCS_WGS_1984",DATUM["D_WGS_1984",SPHEROID["WGS_1984",6378137.0,298.257223563]],PRIMEM["Greenwich",0.0],UNIT["Degree",0.0174532925199433]],PROJECTION["Transverse_Mercator"],PARAMETER["False_Easting",500000.0],PARAMETER["False_Northing",0.0],PARAMETER["Central_Meridian",15.0],PARAMETER["Scale_Factor",0.9996],PARAMETER["Latitude_Of_Origin",0.0],UNIT["Meter",1.0]]'
2015-10-05 16:43:57|   1.3|  0.0|INFORM|Reading table/feature class 'N250_AdminFlate'
2015-10-05 16:43:57|   1.3|  0.0|INFORM|FME Configuration: Source coordinate system for reader R_1[GEODATABASE_FILE] set to `UTM84-33N' as read from input data
2015-10-05 16:43:57|   1.3|  0.0|INFORM|Coordinate System `UTM84-33N' parameters: CS_NAME=`UTM84-33N' DESC_NM=`UTM-WGS 1984 datum, Zone 33 North, Meter; Cent. Meridian 15d E' DT_NAME=`WGS84' GROUP=`UTMN' MAP_SCL=`1' MAX_LAT=`90' MAX_LNG=`18.75' MIN_LAT=`-8.4' MIN_LNG=`11.25' PARM1=`15' PROJ=`TM' QUAD=`1' SCL_RED=`0.9996' SOURCE=`Snyder, J.P, 1987, Map Projections - A Working Manual' UNIT=`METER' X_OFF=`500000.0' Y_OFF=`0.0' 
2015-10-05 16:43:57|   1.3|  0.1|INFORM|Creating writer for format: GML (Geography Markup Language)
2015-10-05 16:43:57|   1.4|  0.0|INFORM|Trying to find a DYNAMIC plugin for writer named `GML'
2015-10-05 16:43:57|   1.4|  0.0|INFORM|Loaded module 'GML' from file 'C:\Program Files\FME2016\64\plugins/GML.dll'
2015-10-05 16:43:57|   1.4|  0.0|INFORM|FME API version of module 'GML' matches current internal version (3.8 20150716)
2015-10-05 16:43:57|   1.4|  0.0|INFORM|FME Configuration: No destination coordinate system set
2015-10-05 16:43:57|   1.4|  0.0|INFORM|FME API version of module 'GML' matches current internal version (3.8 20150716)
2015-10-05 16:43:57|   1.4|  0.0|INFORM|Writer `GML_1' of type `GML' using group definition keyword `GML_1_DEF'
2015-10-05 16:43:57|   1.4|  0.0|INFORM|FME API version of module 'GML' matches current internal version (3.8 20150716)
2015-10-05 16:43:57|   1.4|  0.0|INFORM|<GML_1 Writer> - Using GML 'GENERIC_APPLICATION_SCHEMA' profile writer
2015-10-05 16:43:57|   1.4|  0.0|INFORM|The uri-map document 'C:\Program Files\FME2016\64\xml\urimap\gml_aixm.xml' is being used to map from URI to URI
2015-10-05 16:43:57|   1.4|  0.0|INFORM|The uri-map document 'C:\Program Files\FME2016\64\xml\urimap\gml_citygml.xml' is being used to map from URI to URI
2015-10-05 16:43:57|   1.4|  0.0|INFORM|The uri-map document 'C:\Program Files\FME2016\64\xml\urimap\gml_inspire.xml' is being used to map from URI to URI
2015-10-05 16:43:57|   1.4|  0.0|INFORM|The uri-map document 'C:\Program Files\FME2016\64\xml\urimap\gml_urimap.xml' is being used to map from URI to URI
2015-10-05 16:43:57|   1.4|  0.0|INFORM|URI 'file:///C:/DATA/GitHub/SOSI-Vegnett/Eksempler/XSD/vegnettstest.xsd' mapped to 'file:///C:/DATA/GitHub/SOSI-Vegnett/Eksempler/XSD/vegnettstest.xsd'
2015-10-05 16:43:57|   1.4|  0.0|INFORM|Parsing schema document 'file:///C:/DATA/GitHub/SOSI-Vegnett/Eksempler/XSD/vegnettstest.xsd' ...
2015-10-05 16:43:57|   1.5|  0.0|INFORM|<GML_1 Writer> - Map Embedded Object as: 'ATTRIBUTES'
2015-10-05 16:43:57|   1.5|  0.0|INFORM|<GML_1 Writer> - Map Predefined Properties: 'NO'
2015-10-05 16:43:57|   1.5|  0.0|INFORM|<GML_1 Writer> - Map All Substitutable Properties: 'YES'
2015-10-05 16:43:57|   1.5|  0.0|INFORM|<GML_1 Writer> - Map Complex Properties as: 'NESTED_ATTRIBUTES'
2015-10-05 16:43:57|   1.5|  0.0|INFORM|<GML_1 Writer> - Add XML Namespace Prefix to: 'UNSET'
2015-10-05 16:43:57|   1.5|  0.0|INFORM|<GML_1 Writer> - Limit Number of Lists in Nested Attributes: 'UNSET'
2015-10-05 16:43:57|   1.5|  0.0|INFORM|Using XSD semantics configuration file 'file:///C:/Program Files/FME2016/64/xml/gml_v3.2/gml_config.xml'.
2015-10-05 16:43:57|   1.5|  0.1|INFORM|<GML_1 Writer> - Calculating dataset bounding box, please wait...
2015-10-05 16:43:57|   1.5|  0.0|STATS |Creator_2_XML_Creator(CreationFactory): Created 1 features
2015-10-05 16:43:57|   1.5|  0.0|STATS |Creator_2_Cloner(TeeFactory): Cloned 1 input feature(s) into 1 output feature(s)
2015-10-05 16:43:57|   1.5|  0.0|STATS |Creator_2_CREATED Feature Counter -1 63(TeeFactory): Cloned 1 input feature(s) into 1 output feature(s)
2015-10-05 16:43:57|   1.5|  0.0|STATS |AttributeCreator_3 OUTPUT Splitter(TeeFactory): Cloned 1 input feature(s) into 2 output feature(s)
2015-10-05 16:43:57|   1.5|  0.0|STATS |AttributeCreator_3_OUTPUT_0_kOM1Bcf6Tmc= Feature Counter -1 64(TeeFactory): Cloned 1 input feature(s) into 1 output feature(s)
2015-10-05 16:43:57|   1.5|  0.0|STATS |AttributeCreator_3_OUTPUT_1_kOM1Bcf6Tmc= Feature Counter -1 76(TeeFactory): Cloned 1 input feature(s) into 1 output feature(s)
2015-10-05 16:43:57|   1.5|  0.0|STATS |AttributeRenamer_OUTPUT Feature Counter -1 66(TeeFactory): Cloned 1 input feature(s) into 1 output feature(s)
2015-10-05 16:43:57|   1.5|  0.0|STATS |StringConcatenator_6(TeeFactory): Cloned 1 input feature(s) into 1 output feature(s)
2015-10-05 16:43:57|   1.5|  0.0|STATS |StringConcatenator_6_OUTPUT Feature Counter -1 57(TeeFactory): Cloned 1 input feature(s) into 1 output feature(s)
2015-10-05 16:43:57|   1.5|  0.0|STATS |StringConcatenator(TeeFactory): Cloned 1 input feature(s) into 1 output feature(s)
2015-10-05 16:43:57|   1.5|  0.0|STATS |StringConcatenator_OUTPUT Feature Counter -1 59(TeeFactory): Cloned 1 input feature(s) into 1 output feature(s)
2015-10-05 16:43:57|   1.5|  0.0|INFORM|Closing the Geodatabase reader
2015-10-05 16:43:57|   1.5|  0.0|STATS |FeatureReader_N250_AdminFlate Feature Counter -1 28(TeeFactory): Cloned 1 input feature(s) into 1 output feature(s)
2015-10-05 16:43:57|   1.5|  0.0|STATS |FeatureReader_<REJECTED> Feature Counter -1 2147876868(TeeFactory): Cloned 0 input feature(s) into 0 output feature(s)
2015-10-05 16:43:57|   1.5|  0.0|STATS |Dissolver(PolygonDissolveFactory_base_factory): Dissolving 1 input polygon(s) across 1 group(s)
2015-10-05 16:43:57|   1.5|  0.0|INFORM|Dissolver(PolygonDissolveFactory_base_factory): If the input dataset is large or complex, the dissolver could run for extended periods of time without logging
2015-10-05 16:43:57|   1.6|  0.0|INFORM|Creating reader for format: Esri Geodatabase (ArcSDE Geodb)
2015-10-05 16:43:57|   1.6|  0.0|INFORM|Trying to find a DYNAMIC plugin for reader named `GEODATABASE_SDE'
2015-10-05 16:43:57|   1.6|  0.0|INFORM|Loaded module 'GEODATABASE_SDE' from file 'C:\Program Files\FME2016\64\GEODATABASE9.dll'
2015-10-05 16:43:57|   1.6|  0.0|INFORM|FME API version of module 'GEODATABASE_SDE' matches current internal version (3.8 20150716)
2015-10-05 16:43:57|   1.6|  0.0|INFORM|Performing query against GEODATABASE_SDE dataset `<Unused>'
2015-10-05 16:43:57|   1.6|  0.0|INFORM|Notice - reader format `GEODATABASE_SDE' does not support querying by spatial predicate, but supports envelope queries.  FME will create equivalent results by performing spatial predicate calculations locally.  Performance should not be affected.
2015-10-05 16:43:57|   1.6|  0.0|INFORM|Opening the Geodatabase reader
2015-10-05 16:43:57|   1.6|  0.0|INFORM|An ArcGIS license is already checked out. The product checked out is 'Advanced'
2015-10-05 16:43:57|   1.6|  0.0|INFORM|Installed ArcGIS version is '10.2'
2015-10-05 16:43:57|   1.6|  0.0|INFORM|Connection made to server 'svvkartp.vegvesen.no' for dataset '' (transactional version 'sde.DEFAULT') using instance '5156' and user ID 'sde_tne_read'
2015-10-05 16:43:57|   1.6|  0.0|INFORM|ArcSDE release: '9.3'. Underlying database: 'Oracle'
2015-10-05 16:43:57|   1.6|  0.0|INFORM|R_2 Reader: Using Enhanced geometry
2015-10-05 16:43:57|   1.6|  0.0|INFORM|Multipatch texture caching has been disabled
2015-10-05 16:43:57|   1.6|  0.0|INFORM|The minimum (x,y) and maximum (x,y) bounds, respectively, of the search envelope being used are: (281479.869999999, 6743115.45) , (297922.289999999, 6795705.25)
2015-10-05 16:43:58|   1.7|  0.1|INFORM|The OGC definition of the FME coordinate system 'ETRS89.UTM-33N' is 'PROJCS["ETRS_1989_UTM_Zone_33N",GEOGCS["GCS_ETRS_1989",DATUM["D_ETRS_1989",SPHEROID["GRS_1980",6378137.0,298.257222101]],PRIMEM["Greenwich",0.0],UNIT["Degree",0.0174532925199433]],PROJECTION["Transverse_Mercator"],PARAMETER["False_Easting",500000.0],PARAMETER["False_Northing",0.0],PARAMETER["Central_Meridian",15.0],PARAMETER["Scale_Factor",0.9996],PARAMETER["Latitude_Of_Origin",0.0],UNIT["Meter",1.0]]'
2015-10-05 16:43:58|   1.7|  0.0|INFORM|Reading table/feature class 'SDE_TNE.TNE_RefLink'
2015-10-05 16:43:58|   1.7|  0.0|INFORM|FME Configuration: Source coordinate system for reader R_2[GEODATABASE_SDE] set to `ETRS89.UTM-33N' as read from input data
2015-10-05 16:43:58|   1.7|  0.0|INFORM|Coordinate System `ETRS89.UTM-33N' parameters: CS_NAME=`ETRS89.UTM-33N' DESC_NM=`Transverse Mercator (ETRS89-TM33)' DT_NAME=`ETRS89/01' GROUP=`UTMN' MAP_SCL=`1' MAX_LAT=`84.5' MAX_LNG=`22.1333333333333' MIN_LAT=`31.05' MIN_LNG=`10.8833333333333' PARM1=`15' PROJ=`TM' QUAD=`1' SCL_RED=`0.9996' SOURCE=`EPSG, V6.3, 25833 [Large and medium scale topographic mappi]' UNIT=`Meter' X_OFF=`500000' Y_OFF=`0.0' ZERO_X=`0.0001' ZERO_Y=`0.0001' 
2015-10-05 16:44:01|   3.8|  2.1|INFORM|Creating reader for format: Esri Geodatabase (ArcSDE Geodb)
2015-10-05 16:44:01|   3.8|  0.0|INFORM|Trying to find a DYNAMIC plugin for reader named `GEODATABASE_SDE'
2015-10-05 16:44:01|   3.8|  0.0|INFORM|FME API version of module 'GEODATABASE_SDE' matches current internal version (3.8 20150716)
2015-10-05 16:44:01|   3.8|  0.0|INFORM|Performing query against GEODATABASE_SDE dataset `<Unused>'
2015-10-05 16:44:01|   3.8|  0.0|INFORM|Notice - reader format `GEODATABASE_SDE' does not support querying by spatial predicate, but supports envelope queries.  FME will create equivalent results by performing spatial predicate calculations locally.  Performance should not be affected.
2015-10-05 16:44:01|   3.8|  0.0|INFORM|Opening the Geodatabase reader
2015-10-05 16:44:01|   3.8|  0.0|INFORM|An ArcGIS license is already checked out. The product checked out is 'Advanced'
2015-10-05 16:44:01|   3.8|  0.0|INFORM|Installed ArcGIS version is '10.2'
2015-10-05 16:44:01|   3.8|  0.0|INFORM|Connection made to server 'svvkartp.vegvesen.no' for dataset '' (transactional version 'sde.DEFAULT') using instance '5156' and user ID 'sde_tne_read'
2015-10-05 16:44:01|   3.8|  0.0|INFORM|ArcSDE release: '9.3'. Underlying database: 'Oracle'
2015-10-05 16:44:01|   3.8|  0.0|INFORM|R_3 Reader: Using Enhanced geometry
2015-10-05 16:44:01|   3.8|  0.0|INFORM|All network information will be ignored. As a result, edges will be treated as polyline features and junctions will be treated as point features
2015-10-05 16:44:01|   3.8|  0.0|INFORM|All relationship information will be ignored. As a result, simple relationships will not be read, and attributed relationships will be read as tables
2015-10-05 16:44:01|   3.8|  0.0|INFORM|The minimum (x,y) and maximum (x,y) bounds, respectively, of the search envelope being used are: (281479.869999999, 6743115.45) , (297922.289999999, 6795705.25)
2015-10-05 16:44:01|   3.8|  0.0|INFORM|Reading table/feature class 'SDE_TNE.TNE_FT_Vegreferanse_532_10'
2015-10-05 16:44:01|   3.8|  0.0|INFORM|FME Configuration: Source coordinate system for reader R_3[GEODATABASE_SDE] set to `ETRS89.UTM-33N' as read from input data
2015-10-05 16:44:01|   3.8|  0.0|INFORM|Coordinate System `ETRS89.UTM-33N' parameters: CS_NAME=`ETRS89.UTM-33N' DESC_NM=`Transverse Mercator (ETRS89-TM33)' DT_NAME=`ETRS89/01' GROUP=`UTMN' MAP_SCL=`1' MAX_LAT=`84.5' MAX_LNG=`22.1333333333333' MIN_LAT=`31.05' MIN_LNG=`10.8833333333333' PARM1=`15' PROJ=`TM' QUAD=`1' SCL_RED=`0.9996' SOURCE=`EPSG, V6.3, 25833 [Large and medium scale topographic mappi]' UNIT=`Meter' X_OFF=`500000' Y_OFF=`0.0' ZERO_X=`0.0001' ZERO_Y=`0.0001' 
2015-10-05 16:44:02|   3.9|  0.1|INFORM|Creating reader for format: Esri Geodatabase (ArcSDE Geodb)
2015-10-05 16:44:02|   3.9|  0.0|INFORM|Trying to find a DYNAMIC plugin for reader named `GEODATABASE_SDE'
2015-10-05 16:44:02|   3.9|  0.0|INFORM|FME API version of module 'GEODATABASE_SDE' matches current internal version (3.8 20150716)
2015-10-05 16:44:02|   3.9|  0.0|INFORM|Performing query against GEODATABASE_SDE dataset `<Unused>'
2015-10-05 16:44:02|   3.9|  0.0|INFORM|Notice - reader format `GEODATABASE_SDE' does not support querying by spatial predicate, but supports envelope queries.  FME will create equivalent results by performing spatial predicate calculations locally.  Performance should not be affected.
2015-10-05 16:44:02|   3.9|  0.0|INFORM|Opening the Geodatabase reader
2015-10-05 16:44:02|   3.9|  0.0|INFORM|An ArcGIS license is already checked out. The product checked out is 'Advanced'
2015-10-05 16:44:02|   3.9|  0.0|INFORM|Installed ArcGIS version is '10.2'
2015-10-05 16:44:02|   3.9|  0.0|INFORM|Connection made to server 'svvkartp.vegvesen.no' for dataset '' (transactional version 'sde.DEFAULT') using instance '5156' and user ID 'sde_tne_read'
2015-10-05 16:44:02|   3.9|  0.0|INFORM|ArcSDE release: '9.3'. Underlying database: 'Oracle'
2015-10-05 16:44:02|   3.9|  0.0|INFORM|R_4 Reader: Using Enhanced geometry
2015-10-05 16:44:02|   3.9|  0.0|INFORM|Multipatch texture caching has been disabled
2015-10-05 16:44:02|   3.9|  0.0|INFORM|The minimum (x,y) and maximum (x,y) bounds, respectively, of the search envelope being used are: (281479.869999999, 6743115.45) , (297922.289999999, 6795705.25)
2015-10-05 16:44:02|   3.9|  0.0|INFORM|Reading table/feature class 'SDE_TNE.TNE_CurveSegment'
2015-10-05 16:44:02|   3.9|  0.0|INFORM|FME Configuration: Source coordinate system for reader R_4[GEODATABASE_SDE] set to `ETRS89.UTM-33N' as read from input data
2015-10-05 16:44:02|   3.9|  0.0|INFORM|Coordinate System `ETRS89.UTM-33N' parameters: CS_NAME=`ETRS89.UTM-33N' DESC_NM=`Transverse Mercator (ETRS89-TM33)' DT_NAME=`ETRS89/01' GROUP=`UTMN' MAP_SCL=`1' MAX_LAT=`84.5' MAX_LNG=`22.1333333333333' MIN_LAT=`31.05' MIN_LNG=`10.8833333333333' PARM1=`15' PROJ=`TM' QUAD=`1' SCL_RED=`0.9996' SOURCE=`EPSG, V6.3, 25833 [Large and medium scale topographic mappi]' UNIT=`Meter' X_OFF=`500000' Y_OFF=`0.0' ZERO_X=`0.0001' ZERO_Y=`0.0001' 
2015-10-05 16:44:06|   6.7|  2.8|INFORM|Reading table/feature class 'SDE_TNE.TNE_RefLinkPart'
2015-10-05 16:44:07|   6.9|  0.2|INFORM|QueryFactory_SpatialFilterFactory::SpatialFilter(SpatialFilterFactory): Processed 'Candidate' 15332
2015-10-05 16:44:11|  10.0|  3.1|INFORM|Reading table/feature class 'SDE_TNE.TNE_RefNode'
2015-10-05 16:44:12|  10.5|  0.5|INFORM|QueryFactory_SpatialFilterFactory::SpatialFilter(SpatialFilterFactory): Processed 'Candidate' 34552
2015-10-05 16:44:12|  10.9|  0.4|STATS |Dissolver(PolygonDissolveFactory_base_factory): Completed polygon dissolve on all groups
2015-10-05 16:44:12|  10.9|  0.0|STATS |Dissolver_AREA Feature Counter -1 7(TeeFactory): Cloned 1 input feature(s) into 1 output feature(s)
2015-10-05 16:44:12|  10.9|  0.0|STATS |Dissolver_<REJECTED> Feature Counter -1 2147745793(TeeFactory): Cloned 0 input feature(s) into 0 output feature(s)
2015-10-05 16:44:12|  10.9|  0.0|STATS |DonutHoleExtractor(DonutHoleFactory): Split 0 hole(s) from 1 input feature(s)
2015-10-05 16:44:12|  10.9|  0.0|STATS |DonutHoleExtractor OUTERSHELL Splitter(TeeFactory): Cloned 1 input feature(s) into 3 output feature(s)
2015-10-05 16:44:12|  10.9|  0.0|STATS |DonutHoleExtractor_OUTERSHELL_0_6/R/lAJiCM4= Feature Counter -1 73(TeeFactory): Cloned 1 input feature(s) into 1 output feature(s)
2015-10-05 16:44:12|  10.9|  0.0|STATS |DonutHoleExtractor_OUTERSHELL_1_6/R/lAJiCM4= Feature Counter -1 163(TeeFactory): Cloned 1 input feature(s) into 1 output feature(s)
2015-10-05 16:44:12|  10.9|  0.0|STATS |DonutHoleExtractor_OUTERSHELL_2_6/R/lAJiCM4= Feature Counter -1 68(TeeFactory): Cloned 1 input feature(s) into 1 output feature(s)
2015-10-05 16:44:12|  10.9|  0.0|INFORM|Closing the Geodatabase reader
2015-10-05 16:44:12|  10.9|  0.0|STATS |FeatureReader_4 <OTHER> Output Nuker(TeeFactory): Cloned 0 input feature(s) into 0 output feature(s)
2015-10-05 16:44:12|  10.9|  0.0|STATS |FeatureReader_4 INITIATOR Output Nuker(TeeFactory): Cloned 1 input feature(s) into 0 output feature(s)
2015-10-05 16:44:12|  10.9|  0.0|STATS |FeatureReader_4_SDE_TNE.TNE_FT_Vegreferanse_532_10 Feature Counter -1 153(TeeFactory): Cloned 103 input feature(s) into 103 output feature(s)
2015-10-05 16:44:12|  10.9|  0.0|STATS |AttributeKeeper_2(TeeFactory): Cloned 103 input feature(s) into 103 output feature(s)
2015-10-05 16:44:12|  10.9|  0.0|STATS |AttributeKeeper_2_OUTPUT Feature Counter -1 154(TeeFactory): Cloned 103 input feature(s) into 103 output feature(s)
2015-10-05 16:44:12|  10.9|  0.0|INFORM|Closing the Geodatabase reader
2015-10-05 16:44:12|  10.9|  0.0|STATS |FeatureReader_3_SDE_TNE.TNE_RefLink Feature Counter -1 71(TeeFactory): Cloned 4619 input feature(s) into 4619 output feature(s)
2015-10-05 16:44:12|  10.9|  0.0|STATS |FeatureReader_3_<REJECTED> Feature Counter -1 2147876925(TeeFactory): Cloned 0 input feature(s) into 0 output feature(s)
2015-10-05 16:44:12|  10.9|  0.0|STATS |AttributeCreator_5_OUTPUT Feature Counter -1 77(TeeFactory): Cloned 4619 input feature(s) into 4619 output feature(s)
2015-10-05 16:44:12|  10.9|  0.0|INFORM|Closing the Geodatabase reader
2015-10-05 16:44:12|  10.9|  0.0|STATS |FeatureReader_2_SDE_TNE.TNE_CurveSegment Feature Counter -1 49(TeeFactory): Cloned 8895 input feature(s) into 8895 output feature(s)
2015-10-05 16:44:12|  10.9|  0.0|STATS |FeatureReader_2_SDE_TNE.TNE_RefLinkPart Feature Counter -1 20(TeeFactory): Cloned 8896 input feature(s) into 8896 output feature(s)
2015-10-05 16:44:12|  10.9|  0.0|STATS |FeatureReader_2_SDE_TNE.TNE_RefNode Feature Counter -1 203(TeeFactory): Cloned 6223 input feature(s) into 6223 output feature(s)
2015-10-05 16:44:12|  10.9|  0.0|STATS |FeatureReader_2_<REJECTED> Feature Counter -1 2148007947(TeeFactory): Cloned 0 input feature(s) into 0 output feature(s)
2015-10-05 16:44:12|  10.9|  0.0|STATS |AttributeCreator_8_OUTPUT Feature Counter -1 204(TeeFactory): Cloned 6223 input feature(s) into 6223 output feature(s)
2015-10-05 16:44:12|  10.9|  0.0|INFORM|Optional `close' method not present; not called
2015-10-05 16:44:12|  10.9|  0.0|STATS |PythonCaller_3_OUTPUT Feature Counter -1 14(TeeFactory): Cloned 8896 input feature(s) into 8896 output feature(s)
2015-10-05 16:44:12|  10.9|  0.0|STATS |TestFilter_4(TeeFactory): Cloned 8896 input feature(s) into 8896 output feature(s)
2015-10-05 16:44:12|  10.9|  0.0|STATS |TestFilter_4_TestFactory_0(TestFactory): Tested 8896 input feature(s) -- 8536 feature(s) passed and 360 feature(s) failed
2015-10-05 16:44:12|  10.9|  0.0|STATS |TestFilter_4_<lt>UNFILTERED<gt>(TeeFactory): Cloned 360 input feature(s) into 360 output feature(s)
2015-10-05 16:44:12|  10.9|  0.0|STATS |TestFilter_4 <lt>UNFILTERED<gt> Output Nuker(TeeFactory): Cloned 360 input feature(s) into 0 output feature(s)
2015-10-05 16:44:12|  10.9|  0.0|STATS |TestFilter_4_TOPOLEVEL Feature Counter -1 48(TeeFactory): Cloned 8536 input feature(s) into 8536 output feature(s)
2015-10-05 16:44:12|  10.9|  0.0|INFORM|InlineQuerier(InlineQueryFactory): Generating output 'RefLinkPartExtended' using query 'SELECT DISTINCT * FROM RefLinkPart
INNER JOIN CurveSegment ON RefLinkPart.REFLINK_OID = CurveSegment.REFLINK_OID
WHERE (RefLinkPart.FROM_MEASURE < CurveSegment.TO_MEASURE AND RefLinkPart.TO_MEASURE > CurveSegment.FROM_MEASURE) '
2015-10-05 16:44:18|  16.7|  5.8|INFORM|InlineQuerier(InlineQueryFactory): Wrote 13051 features to output 'RefLinkPartExtended'
2015-10-05 16:44:18|  16.7|  0.0|STATS |InlineQuerier_RefLinkPartExtended Feature Counter -1 45(TeeFactory): Cloned 13051 input feature(s) into 13051 output feature(s)
2015-10-05 16:44:18|  16.7|  0.0|STATS |DuplicateRemover(TestFactory): Tested 13051 input feature(s) -- 4515 feature(s) passed and 8536 feature(s) failed
2015-10-05 16:44:18|  16.7|  0.0|STATS |DuplicateRemover_UNIQUE Feature Counter -1 94(TeeFactory): Cloned 8536 input feature(s) into 8536 output feature(s)
2015-10-05 16:44:18|  16.7|  0.0|STATS |GeometryPropertySetter_2_Outputter(TeeFactory): Cloned 8536 input feature(s) into 8536 output feature(s)
2015-10-05 16:44:18|  16.7|  0.0|STATS |GeometryPropertySetter_2_SET Feature Counter -1 92(TeeFactory): Cloned 8536 input feature(s) into 8536 output feature(s)
2015-10-05 16:44:18|  16.7|  0.0|STATS |CoordinateRounder_2(TeeFactory): Cloned 8536 input feature(s) into 8536 output feature(s)
2015-10-05 16:44:18|  16.7|  0.0|STATS |CoordinateRounder_2_ROUNDED Feature Counter -1 93(TeeFactory): Cloned 8536 input feature(s) into 8536 output feature(s)
2015-10-05 16:44:18|  16.7|  0.0|STATS |AttributeCreator_2 OUTPUT Splitter(TeeFactory): Cloned 8536 input feature(s) into 17072 output feature(s)
2015-10-05 16:44:18|  16.7|  0.0|STATS |AttributeCreator_2_OUTPUT_0_KpUyI6tMDVI= Feature Counter -1 85(TeeFactory): Cloned 8536 input feature(s) into 8536 output feature(s)
2015-10-05 16:44:18|  16.7|  0.0|STATS |AttributeCreator_2_OUTPUT_1_KpUyI6tMDVI= Feature Counter -1 80(TeeFactory): Cloned 8536 input feature(s) into 8536 output feature(s)
2015-10-05 16:44:18|  16.7|  0.0|STATS |StringConcatenator_3(TeeFactory): Cloned 8536 input feature(s) into 8536 output feature(s)
2015-10-05 16:44:18|  16.7|  0.0|STATS |StringConcatenator_3_OUTPUT Feature Counter -1 114(TeeFactory): Cloned 8536 input feature(s) into 8536 output feature(s)
2015-10-05 16:44:18|  16.7|  0.0|INFORM|Optional `close' method not present; not called
2015-10-05 16:44:18|  16.7|  0.0|STATS |PythonCaller_OUTPUT Feature Counter -1 105(TeeFactory): Cloned 8536 input feature(s) into 8536 output feature(s)
2015-10-05 16:44:18|  16.7|  0.0|STATS |AttributeRenamer_2(TeeFactory): Cloned 8536 input feature(s) into 8536 output feature(s)
2015-10-05 16:44:18|  16.7|  0.0|STATS |AttributeRenamer_2_OUTPUT Feature Counter -1 208(TeeFactory): Cloned 8536 input feature(s) into 8536 output feature(s)
2015-10-05 16:44:18|  16.7|  0.0|STATS |StringFormatter(TeeFactory): Cloned 8536 input feature(s) into 8536 output feature(s)
2015-10-05 16:44:18|  16.7|  0.0|STATS |StringFormatter_OUTPUT Feature Counter -1 209(TeeFactory): Cloned 8536 input feature(s) into 8536 output feature(s)
2015-10-05 16:44:18|  16.7|  0.0|STATS |AttributeValueMapper_3(TeeFactory): Cloned 8536 input feature(s) into 8536 output feature(s)
2015-10-05 16:44:18|  16.7|  0.0|STATS |AttributeValueMapper_3_OUTPUT Feature Counter -1 106(TeeFactory): Cloned 8536 input feature(s) into 8536 output feature(s)
2015-10-05 16:44:18|  16.7|  0.0|STATS |AttributeCopier(TeeFactory): Cloned 8536 input feature(s) into 8536 output feature(s)
2015-10-05 16:44:18|  16.7|  0.0|STATS |AttributeCopier OUTPUT Splitter(TeeFactory): Cloned 8536 input feature(s) into 17072 output feature(s)
2015-10-05 16:44:18|  16.7|  0.0|STATS |AttributeCopier_OUTPUT_0_w94epkzpUvQ= Feature Counter -1 141(TeeFactory): Cloned 8536 input feature(s) into 8536 output feature(s)
2015-10-05 16:44:18|  16.7|  0.0|STATS |AttributeCopier_OUTPUT_1_w94epkzpUvQ= Feature Counter -1 107(TeeFactory): Cloned 8536 input feature(s) into 8536 output feature(s)
2015-10-05 16:44:18|  16.7|  0.0|STATS |AttributeValueMapper (Disabled) Nuker(TeeFactory): Cloned 8536 input feature(s) into 0 output feature(s)
2015-10-05 16:44:18|  16.7|  0.0|STATS |AttributeValueMapper_OUTPUT Feature Counter -1 104(TeeFactory): Cloned 0 input feature(s) into 0 output feature(s)
2015-10-05 16:44:18|  16.7|  0.0|STATS |AttributeValueMapper_2(TeeFactory): Cloned 8536 input feature(s) into 8536 output feature(s)
2015-10-05 16:44:18|  16.7|  0.0|STATS |AttributeValueMapper_2_OUTPUT Feature Counter -1 121(TeeFactory): Cloned 8536 input feature(s) into 8536 output feature(s)
2015-10-05 16:44:18|  16.7|  0.0|STATS |DateFormatter(TeeFactory): Cloned 8536 input feature(s) into 8536 output feature(s)
2015-10-05 16:44:18|  16.7|  0.0|STATS |DateFormatter_OUTPUT Feature Counter -1 135(TeeFactory): Cloned 8536 input feature(s) into 8536 output feature(s)
2015-10-05 16:44:18|  16.7|  0.0|STATS |TestFilter_2(TeeFactory): Cloned 8536 input feature(s) into 8536 output feature(s)
2015-10-05 16:44:18|  16.7|  0.0|STATS |TestFilter_2_TestFactory_0(TestFactory): Tested 8536 input feature(s) -- 0 feature(s) passed and 8536 feature(s) failed
2015-10-05 16:44:18|  16.7|  0.0|STATS |TestFilter_2_TestFactory_1(TestFactory): Tested 8536 input feature(s) -- 121 feature(s) passed and 8415 feature(s) failed
2015-10-05 16:44:18|  16.7|  0.0|STATS |TestFilter_2_<lt>UNFILTERED<gt>(TeeFactory): Cloned 8415 input feature(s) into 8415 output feature(s)
2015-10-05 16:44:18|  16.7|  0.0|STATS |TestFilter_2 <lt>UNFILTERED<gt> Splitter(TeeFactory): Cloned 8415 input feature(s) into 16830 output feature(s)
2015-10-05 16:44:18|  16.7|  0.0|STATS |TestFilter_2_Svingekonnekteringslenke Feature Counter -1 127(TeeFactory): Cloned 0 input feature(s) into 0 output feature(s)
2015-10-05 16:44:18|  16.7|  0.0|STATS |TestFilter_2_Kj<u00f8>refelt Feature Counter -1 128(TeeFactory): Cloned 121 input feature(s) into 121 output feature(s)
2015-10-05 16:44:18|  16.7|  0.0|STATS |TestFilter_2_<lt>UNFILTERED<gt>_0_eDDOgC60Axg= Feature Counter -1 139(TeeFactory): Cloned 8415 input feature(s) into 8415 output feature(s)
2015-10-05 16:44:18|  16.7|  0.0|STATS |TestFilter_2_<lt>UNFILTERED<gt>_1_eDDOgC60Axg= Feature Counter -1 130(TeeFactory): Cloned 8415 input feature(s) into 8415 output feature(s)
2015-10-05 16:44:18|  16.7|  0.0|STATS |BulkAttributeRenamer_2(TeeFactory): Cloned 121 input feature(s) into 121 output feature(s)
2015-10-05 16:44:18|  16.7|  0.0|STATS |BulkAttributeRenamer_2_OUTPUT Feature Counter -1 129(TeeFactory): Cloned 121 input feature(s) into 121 output feature(s)
2015-10-05 16:44:18|  16.7|  0.0|INFORM|InlineQuerier_2(InlineQueryFactory): Generating output 'Ut' using query 'SELECT DISTINCT Kjørefelt.*, Andre.CLASS_CODE FROM Kjørefelt
INNER JOIN Andre ON Kjørefelt.SUPER_OID = Andre.REFLINK_OID
WHERE (Kjørefelt.SUPER_FROM_MEASURE < Andre.TO_MEASURE AND Kjørefelt.SUPER_TO_MEASURE > Andre.FROM_MEASURE) '
2015-10-05 16:44:18|  16.7|  0.0|INFORM|InlineQuerier_2(InlineQueryFactory): Wrote 8 features to output 'Ut'
2015-10-05 16:44:18|  16.8|  0.1|STATS |InlineQuerier_2_Ut Feature Counter -1 126(TeeFactory): Cloned 8 input feature(s) into 8 output feature(s)
2015-10-05 16:44:18|  16.8|  0.0|STATS |DuplicateRemover_2(TestFactory): Tested 8 input feature(s) -- 0 feature(s) passed and 8 feature(s) failed
2015-10-05 16:44:18|  16.8|  0.0|STATS |DuplicateRemover_2_UNIQUE Feature Counter -1 138(TeeFactory): Cloned 8 input feature(s) into 8 output feature(s)
2015-10-05 16:44:18|  16.8|  0.0|STATS |AttributeValueMapper_4(TeeFactory): Cloned 8423 input feature(s) into 8423 output feature(s)
2015-10-05 16:44:18|  16.8|  0.0|STATS |AttributeValueMapper_4_OUTPUT Feature Counter -1 165(TeeFactory): Cloned 8423 input feature(s) into 8423 output feature(s)
2015-10-05 16:44:18|  16.8|  0.0|INFORM|InlineQuerier_3(InlineQueryFactory): Generating output 'Rundkj<u00f8>ringer' using query 'SELECT DISTINCT RefLinkPart.* FROM RefLinkPart
INNER JOIN Vegreferanse ON RefLinkPart.REFLINK_OID = Vegreferanse.ROUTE_ID
WHERE (RefLinkPart.FROM_MEASURE < Vegreferanse.TO_MEASURE AND RefLinkPart.TO_MEASURE > Vegreferanse.FROM_MEASURE) '
2015-10-05 16:44:18|  16.8|  0.0|INFORM|InlineQuerier_3(InlineQueryFactory): Wrote 162 features to output 'Rundkj<u00f8>ringer'
2015-10-05 16:44:18|  16.8|  0.0|INFORM|InlineQuerier_3(InlineQueryFactory): Generating output 'RefLinkPart' using query 'SELECT * 
FROM RefLinkPart'
2015-10-05 16:44:18|  17.1|  0.4|INFORM|InlineQuerier_3(InlineQueryFactory): Wrote 8423 features to output 'RefLinkPart'
2015-10-05 16:44:18|  17.2|  0.1|STATS |InlineQuerier_3_RefLinkPart Feature Counter -1 151(TeeFactory): Cloned 8423 input feature(s) into 8423 output feature(s)
2015-10-05 16:44:18|  17.2|  0.0|STATS |InlineQuerier_3_Rundkj<u00f8>ringer Feature Counter -1 152(TeeFactory): Cloned 162 input feature(s) into 162 output feature(s)
2015-10-05 16:44:18|  17.2|  0.0|STATS |DuplicateRemover_3(TestFactory): Tested 162 input feature(s) -- 0 feature(s) passed and 162 feature(s) failed
2015-10-05 16:44:18|  17.2|  0.0|STATS |DuplicateRemover_3_UNIQUE Feature Counter -1 155(TeeFactory): Cloned 162 input feature(s) into 162 output feature(s)
2015-10-05 16:44:19|  17.6|  0.4|STATS |FeatureMerger_2(ReferenceFactory): Total Results: 162 Complete Feature(s), 8261 Incomplete Feature(s), 0 Referenced Feature(s), 0 Unreferenced Feature(s), 0 Referencer Feature(s) (NO REFERENCES), 0 Referencee Feature(s) (NO Referencee fields defined), and 0 Duplicate Referencee Feature(s)
2015-10-05 16:44:19|  17.6|  0.0|STATS |FeatureMerger_2_MERGED Feature Counter -1 150(TeeFactory): Cloned 162 input feature(s) into 162 output feature(s)
2015-10-05 16:44:19|  17.6|  0.0|STATS |FeatureMerger_2_NOT_MERGED Feature Counter -1 122(TeeFactory): Cloned 8261 input feature(s) into 8261 output feature(s)
2015-10-05 16:44:19|  17.6|  0.0|STATS |AttributeCreator_4_OUTPUT Feature Counter -1 164(TeeFactory): Cloned 162 input feature(s) into 162 output feature(s)
2015-10-05 16:44:19|  17.6|  0.0|STATS |NullAttributeMapper(TeeFactory): Cloned 8423 input feature(s) into 8423 output feature(s)
2015-10-05 16:44:19|  17.6|  0.0|STATS |NullAttributeMapper_OUTPUT Feature Counter -1 194(TeeFactory): Cloned 8423 input feature(s) into 8423 output feature(s)
2015-10-05 16:44:19|  17.6|  0.0|STATS |TopologyBuilder(TopologyFactory): Computing topology defined by 14646 input feature(s)
2015-10-05 16:44:19|  18.0|  0.5|INFORM|ListExploder(ElementFactory): No MODE specified.  Using default processing mode (CLASSIC)
2015-10-05 16:44:19|  18.0|  0.0|INFORM|Processed 2 elements with mode CLASSIC
2015-10-05 16:44:21|  19.9|  1.8|STATS |TopologyBuilder_NODE Feature Counter -1 197(TeeFactory): Cloned 12812 input feature(s) into 12812 output feature(s)
2015-10-05 16:44:21|  19.9|  0.0|STATS |TopologyBuilder_LINE Feature Counter -1 178(TeeFactory): Cloned 8423 input feature(s) into 8423 output feature(s)
2015-10-05 16:44:21|  19.9|  0.0|STATS |TestFilter(TeeFactory): Cloned 12812 input feature(s) into 12812 output feature(s)
2015-10-05 16:44:21|  19.9|  0.0|STATS |TestFilter_TestFactory_0(TestFactory): Tested 12812 input feature(s) -- 6589 feature(s) passed and 6223 feature(s) failed
2015-10-05 16:44:21|  19.9|  0.0|STATS |TestFilter_EksisterendeNode(TeeFactory): Cloned 6223 input feature(s) into 6223 output feature(s)
2015-10-05 16:44:21|  19.9|  0.0|STATS |TestFilter_PseudoNode Feature Counter -1 174(TeeFactory): Cloned 6589 input feature(s) into 6589 output feature(s)
2015-10-05 16:44:21|  19.9|  0.0|STATS |TestFilter_EksisterendeNode Feature Counter -1 184(TeeFactory): Cloned 6223 input feature(s) into 6223 output feature(s)
2015-10-05 16:44:21|  19.9|  0.0|STATS |AttributeCreator_6_OUTPUT Feature Counter -1 166(TeeFactory): Cloned 6589 input feature(s) into 6589 output feature(s)
2015-10-05 16:44:21|  19.9|  0.0|STATS |AttributeCreator_7 OUTPUT Splitter(TeeFactory): Cloned 12812 input feature(s) into 25624 output feature(s)
2015-10-05 16:44:21|  19.9|  0.0|STATS |AttributeCreator_7_OUTPUT_0_a6vTkzVgf18= Feature Counter -1 195(TeeFactory): Cloned 12812 input feature(s) into 12812 output feature(s)
2015-10-05 16:44:21|  19.9|  0.0|STATS |AttributeCreator_7_OUTPUT_1_a6vTkzVgf18= Feature Counter -1 167(TeeFactory): Cloned 12812 input feature(s) into 12812 output feature(s)
2015-10-05 16:44:21|  19.9|  0.0|STATS |ListElementCounter(TeeFactory): Cloned 12812 input feature(s) into 12812 output feature(s)
2015-10-05 16:44:21|  19.9|  0.0|STATS |ListElementCounter_OUTPUT Feature Counter -1 191(TeeFactory): Cloned 12812 input feature(s) into 12812 output feature(s)
2015-10-05 16:44:21|  19.9|  0.0|STATS |TestFilter_3(TeeFactory): Cloned 12812 input feature(s) into 12812 output feature(s)
2015-10-05 16:44:21|  19.9|  0.0|STATS |TestFilter_3_TestFactory_0(TestFactory): Tested 12812 input feature(s) -- 6975 feature(s) passed and 5837 feature(s) failed
2015-10-05 16:44:21|  19.9|  0.0|STATS |TestFilter_3_<lt>UNFILTERED<gt>(TeeFactory): Cloned 5837 input feature(s) into 5837 output feature(s)
2015-10-05 16:44:21|  19.9|  0.0|STATS |TestFilter_3 Aktivenoder Splitter(TeeFactory): Cloned 6975 input feature(s) into 13950 output feature(s)
2015-10-05 16:44:21|  19.9|  0.0|STATS |TestFilter_3 <lt>UNFILTERED<gt> Output Nuker(TeeFactory): Cloned 5837 input feature(s) into 0 output feature(s)
2015-10-05 16:44:21|  19.9|  0.0|STATS |TestFilter_3_Aktivenoder_0_KY+zC8Yac7E= Feature Counter -1 211(TeeFactory): Cloned 6975 input feature(s) into 6975 output feature(s)
2015-10-05 16:44:21|  19.9|  0.0|STATS |TestFilter_3_Aktivenoder_1_KY+zC8Yac7E= Feature Counter -1 205(TeeFactory): Cloned 6975 input feature(s) into 6975 output feature(s)
2015-10-05 16:44:21|  19.9|  0.0|STATS |ListExploder(ElementFactory): Split out 16846 list elements from 6975 input features, using mode CLASSIC
2015-10-05 16:44:21|  19.9|  0.0|STATS |ListExploder_ELEMENTS Feature Counter -1 218(TeeFactory): Cloned 16846 input feature(s) into 16846 output feature(s)
2015-10-05 16:44:21|  19.9|  0.0|STATS |ListExploder_<REJECTED> Feature Counter -1 2147680466(TeeFactory): Cloned 0 input feature(s) into 0 output feature(s)
2015-10-05 16:44:21|  19.9|  0.0|STATS |AttributeCreator_9_OUTPUT Feature Counter -1 219(TeeFactory): Cloned 16846 input feature(s) into 16846 output feature(s)
2015-10-05 16:44:21|  19.9|  0.0|STATS |AttributeKeeper_3(TeeFactory): Cloned 12812 input feature(s) into 12812 output feature(s)
2015-10-05 16:44:21|  19.9|  0.0|STATS |AttributeKeeper_3 OUTPUT Splitter(TeeFactory): Cloned 12812 input feature(s) into 25624 output feature(s)
2015-10-05 16:44:21|  19.9|  0.0|STATS |AttributeKeeper_3_OUTPUT_0_8zhNX41CBGw= Feature Counter -1 182(TeeFactory): Cloned 12812 input feature(s) into 12812 output feature(s)
2015-10-05 16:44:21|  19.9|  0.0|STATS |AttributeKeeper_3_OUTPUT_1_8zhNX41CBGw= Feature Counter -1 179(TeeFactory): Cloned 12812 input feature(s) into 12812 output feature(s)
2015-10-05 16:44:21|  20.0|  0.2|STATS |FeatureMerger_3(ReferenceFactory): Total Results: 8423 Complete Feature(s), 0 Incomplete Feature(s), 0 Referenced Feature(s), 0 Unreferenced Feature(s), 0 Referencer Feature(s) (NO REFERENCES), 0 Referencee Feature(s) (NO Referencee fields defined), and 0 Duplicate Referencee Feature(s)
2015-10-05 16:44:21|  20.0|  0.0|STATS |FeatureMerger_3_MERGED Feature Counter -1 180(TeeFactory): Cloned 8423 input feature(s) into 8423 output feature(s)
2015-10-05 16:44:21|  20.0|  0.0|STATS |FeatureMerger_3_NOT_MERGED Feature Counter -1 181(TeeFactory): Cloned 0 input feature(s) into 0 output feature(s)
2015-10-05 16:44:22|  20.9|  0.8|STATS |FeatureMerger_4(ReferenceFactory): Total Results: 8423 Complete Feature(s), 0 Incomplete Feature(s), 0 Referenced Feature(s), 0 Unreferenced Feature(s), 0 Referencer Feature(s) (NO REFERENCES), 0 Referencee Feature(s) (NO Referencee fields defined), and 0 Duplicate Referencee Feature(s)
2015-10-05 16:44:22|  20.9|  0.0|STATS |FeatureMerger_4_MERGED Feature Counter -1 199(TeeFactory): Cloned 8423 input feature(s) into 8423 output feature(s)
2015-10-05 16:44:22|  20.9|  0.0|STATS |FeatureMerger_4_NOT_MERGED Feature Counter -1 201(TeeFactory): Cloned 0 input feature(s) into 0 output feature(s)
2015-10-05 16:44:22|  20.9|  0.0|STATS |AttributeCreator OUTPUT Splitter(TeeFactory): Cloned 8423 input feature(s) into 16846 output feature(s)
2015-10-05 16:44:22|  20.9|  0.0|STATS |AttributeCreator_OUTPUT_0_olPiq+C1D00= Feature Counter -1 212(TeeFactory): Cloned 8423 input feature(s) into 8423 output feature(s)
2015-10-05 16:44:22|  20.9|  0.0|STATS |AttributeCreator_OUTPUT_1_olPiq+C1D00= Feature Counter -1 200(TeeFactory): Cloned 8423 input feature(s) into 8423 output feature(s)
2015-10-05 16:44:23|  22.2|  1.3|STATS |FeatureMerger_5(ReferenceFactory): Total Results: 16846 Complete Feature(s), 0 Incomplete Feature(s), 0 Referenced Feature(s), 0 Unreferenced Feature(s), 0 Referencer Feature(s) (NO REFERENCES), 0 Referencee Feature(s) (NO Referencee fields defined), and 0 Duplicate Referencee Feature(s)
2015-10-05 16:44:23|  22.2|  0.0|STATS |FeatureMerger_5_MERGED Feature Counter -1 216(TeeFactory): Cloned 16846 input feature(s) into 16846 output feature(s)
2015-10-05 16:44:23|  22.2|  0.0|STATS |AttributeCreator_10_OUTPUT Feature Counter -1 220(TeeFactory): Cloned 16846 input feature(s) into 16846 output feature(s)
2015-10-05 16:44:23|  22.2|  0.0|STATS |TestFilter_5(TeeFactory): Cloned 16846 input feature(s) into 16846 output feature(s)
2015-10-05 16:44:23|  22.2|  0.0|STATS |TestFilter_5_TestFactory_0(TestFactory): Tested 16846 input feature(s) -- 8423 feature(s) passed and 8423 feature(s) failed
2015-10-05 16:44:23|  22.2|  0.0|STATS |TestFilter_5_sluttnodeFor(TeeFactory): Cloned 8423 input feature(s) into 8423 output feature(s)
2015-10-05 16:44:23|  22.2|  0.0|STATS |TestFilter_5_startnodeFor Feature Counter -1 222(TeeFactory): Cloned 8423 input feature(s) into 8423 output feature(s)
2015-10-05 16:44:23|  22.2|  0.0|STATS |TestFilter_5_sluttnodeFor Feature Counter -1 225(TeeFactory): Cloned 8423 input feature(s) into 8423 output feature(s)
2015-10-05 16:44:24|  23.3|  1.0|STATS |FeatureMerger_6(ReferenceFactory): Total Results: 5341 Complete Feature(s), 1634 Incomplete Feature(s), 0 Referenced Feature(s), 0 Unreferenced Feature(s), 0 Referencer Feature(s) (NO REFERENCES), 0 Referencee Feature(s) (NO Referencee fields defined), and 0 Duplicate Referencee Feature(s)
2015-10-05 16:44:24|  23.3|  0.0|STATS |FeatureMerger_6_MERGED Feature Counter -1 223(TeeFactory): Cloned 5341 input feature(s) into 5341 output feature(s)
2015-10-05 16:44:24|  23.3|  0.0|STATS |FeatureMerger_6_NOT_MERGED Feature Counter -1 224(TeeFactory): Cloned 1634 input feature(s) into 1634 output feature(s)
2015-10-05 16:44:26|  24.8|  1.5|STATS |FeatureMerger_7(ReferenceFactory): Total Results: 6791 Complete Feature(s), 184 Incomplete Feature(s), 0 Referenced Feature(s), 0 Unreferenced Feature(s), 0 Referencer Feature(s) (NO REFERENCES), 0 Referencee Feature(s) (NO Referencee fields defined), and 0 Duplicate Referencee Feature(s)
2015-10-05 16:44:26|  24.8|  0.0|STATS |FeatureMerger_7_MERGED Feature Counter -1 226(TeeFactory): Cloned 6791 input feature(s) into 6791 output feature(s)
2015-10-05 16:44:26|  24.8|  0.0|STATS |FeatureMerger_7_NOT_MERGED Feature Counter -1 227(TeeFactory): Cloned 184 input feature(s) into 184 output feature(s)
2015-10-05 16:44:26|  24.8|  0.0|STATS |2DForcer(TeeFactory): Cloned 6975 input feature(s) into 6975 output feature(s)
2015-10-05 16:44:26|  24.8|  0.0|STATS |2DForcer_2D Feature Counter -1 192(TeeFactory): Cloned 6975 input feature(s) into 6975 output feature(s)
2015-10-05 16:44:26|  24.8|  0.0|STATS |CoordinateRounder(TeeFactory): Cloned 6975 input feature(s) into 6975 output feature(s)
2015-10-05 16:44:26|  24.8|  0.0|STATS |CoordinateRounder_ROUNDED Feature Counter -1 36(TeeFactory): Cloned 6975 input feature(s) into 6975 output feature(s)
2015-10-05 16:44:26|  24.8|  0.0|STATS |GeometryPropertySetter_Outputter(TeeFactory): Cloned 6975 input feature(s) into 6975 output feature(s)
2015-10-05 16:44:26|  24.8|  0.0|STATS |GeometryPropertySetter_SET Feature Counter -1 177(TeeFactory): Cloned 6975 input feature(s) into 6975 output feature(s)
2015-10-05 16:44:26|  24.8|  0.0|STATS |StringConcatenator_2(TeeFactory): Cloned 8536 input feature(s) into 8536 output feature(s)
2015-10-05 16:44:26|  24.8|  0.0|STATS |StringConcatenator_2_OUTPUT Feature Counter -1 82(TeeFactory): Cloned 8536 input feature(s) into 8536 output feature(s)
2015-10-05 16:44:26|  24.8|  0.0|STATS |AttributeKeeper(TeeFactory): Cloned 8536 input feature(s) into 8536 output feature(s)
2015-10-05 16:44:26|  24.8|  0.0|STATS |AttributeKeeper_OUTPUT Feature Counter -1 83(TeeFactory): Cloned 8536 input feature(s) into 8536 output feature(s)
2015-10-05 16:44:26|  25.1|  0.3|STATS |FeatureMerger(ReferenceFactory): Total Results: 4062 Complete Feature(s), 0 Incomplete Feature(s), 0 Referenced Feature(s), 0 Unreferenced Feature(s), 0 Referencer Feature(s) (NO REFERENCES), 0 Referencee Feature(s) (NO Referencee fields defined), and 0 Duplicate Referencee Feature(s)
2015-10-05 16:44:26|  25.1|  0.0|STATS |FeatureMerger_MERGED Feature Counter -1 78(TeeFactory): Cloned 4062 input feature(s) into 4062 output feature(s)
2015-10-05 16:44:26|  25.1|  0.0|STATS |Destination Feature Type Routing Correlator(RoutingFactory): Tested 19461 input feature(s), wrote 19461 output feature(s): 0 matched merge filters, 19461 were routed to output, 0 could not be routed.
2015-10-05 16:44:26|  25.1|  0.0|STATS |Final Output Nuker(TeeFactory): Cloned 0 input feature(s) into 0 output feature(s)
2015-10-05 16:44:26|  25.1|  0.0|INFORM|=-=-=-=-=-=-=-=-=-=-=-=-=-=-=-=-=-=-=-=-=-=-=-=-=-=-=-=-=-=-=-=-=-=-=-=-=-=-=-
2015-10-05 16:44:26|  25.1|  0.0|INFORM|Feature output statistics for `FFS' writer using keyword `W_1':
2015-10-05 16:44:26|  25.1|  0.0|STATS |=-=-=-=-=-=-=-=-=-=-=-=-=-=-=-=-=-=-=-=-=-=-=-=-=-=-=-=-=-=-=-=-=-=-=-=-=-=-=-
2015-10-05 16:44:26|  25.1|  0.0|STATS |                               Features Written
2015-10-05 16:44:26|  25.1|  0.0|STATS |=-=-=-=-=-=-=-=-=-=-=-=-=-=-=-=-=-=-=-=-=-=-=-=-=-=-=-=-=-=-=-=-=-=-=-=-=-=-=-
2015-10-05 16:44:26|  25.1|  0.0|STATS |==============================================================================
2015-10-05 16:44:26|  25.1|  0.0|STATS |Total Features Written                                                       0
2015-10-05 16:44:26|  25.1|  0.0|STATS |=-=-=-=-=-=-=-=-=-=-=-=-=-=-=-=-=-=-=-=-=-=-=-=-=-=-=-=-=-=-=-=-=-=-=-=-=-=-=-
2015-10-05 16:44:26|  25.1|  0.0|INFORM|<GML_1 Writer> - Writing the GML document 'C:\DATA\GitHub\SOSI-Vegnett\Eksempler\GML\Vegnettstest.gml'
2015-10-05 16:44:31|  29.7|  4.6|INFORM|=-=-=-=-=-=-=-=-=-=-=-=-=-=-=-=-=-=-=-=-=-=-=-=-=-=-=-=-=-=-=-=-=-=-=-=-=-=-=-
2015-10-05 16:44:31|  29.7|  0.0|INFORM|Feature output statistics for `GML' writer using keyword `GML_1':
2015-10-05 16:44:31|  29.7|  0.0|STATS |=-=-=-=-=-=-=-=-=-=-=-=-=-=-=-=-=-=-=-=-=-=-=-=-=-=-=-=-=-=-=-=-=-=-=-=-=-=-=-
2015-10-05 16:44:31|  29.7|  0.0|STATS |                               Features Written
2015-10-05 16:44:31|  29.7|  0.0|STATS |=-=-=-=-=-=-=-=-=-=-=-=-=-=-=-=-=-=-=-=-=-=-=-=-=-=-=-=-=-=-=-=-=-=-=-=-=-=-=-
2015-10-05 16:44:31|  29.7|  0.0|STATS |Nettverk                                                                     1
2015-10-05 16:44:31|  29.7|  0.0|STATS |Veglenke                                                                  8423
2015-10-05 16:44:31|  29.7|  0.0|STATS |Veglenkesekvens                                                           4062
2015-10-05 16:44:31|  29.7|  0.0|STATS |Vegnode                                                                   6975
2015-10-05 16:44:31|  29.7|  0.0|STATS |==============================================================================
2015-10-05 16:44:31|  29.7|  0.0|STATS |Total Features Written                                                   19461
2015-10-05 16:44:31|  29.7|  0.0|STATS |=-=-=-=-=-=-=-=-=-=-=-=-=-=-=-=-=-=-=-=-=-=-=-=-=-=-=-=-=-=-=-=-=-=-=-=-=-=-=-
2015-10-05 16:44:31|  29.7|  0.0|STATS |=-=-=-=-=-=-=-=-=-=-=-=-=-=-=-=-=-=-=-=-=-=-=-=-=-=-=-=-=-=-=-=-=-=-=-=-=-=-=-
2015-10-05 16:44:31|  29.7|  0.0|STATS |                            Features Read Summary
2015-10-05 16:44:31|  29.7|  0.0|STATS |=-=-=-=-=-=-=-=-=-=-=-=-=-=-=-=-=-=-=-=-=-=-=-=-=-=-=-=-=-=-=-=-=-=-=-=-=-=-=-
2015-10-05 16:44:31|  29.7|  0.0|STATS |==============================================================================
2015-10-05 16:44:31|  29.7|  0.0|STATS |Total Features Read                                                          0
2015-10-05 16:44:31|  29.7|  0.0|STATS |=-=-=-=-=-=-=-=-=-=-=-=-=-=-=-=-=-=-=-=-=-=-=-=-=-=-=-=-=-=-=-=-=-=-=-=-=-=-=-
2015-10-05 16:44:31|  29.7|  0.0|STATS |=-=-=-=-=-=-=-=-=-=-=-=-=-=-=-=-=-=-=-=-=-=-=-=-=-=-=-=-=-=-=-=-=-=-=-=-=-=-=-
2015-10-05 16:44:31|  29.7|  0.0|STATS |                           Features Written Summary
2015-10-05 16:44:31|  29.7|  0.0|STATS |=-=-=-=-=-=-=-=-=-=-=-=-=-=-=-=-=-=-=-=-=-=-=-=-=-=-=-=-=-=-=-=-=-=-=-=-=-=-=-
2015-10-05 16:44:31|  29.7|  0.0|STATS |Nettverk                                                                     1
2015-10-05 16:44:31|  29.7|  0.0|STATS |Veglenke                                                                  8423
2015-10-05 16:44:31|  29.7|  0.0|STATS |Veglenkesekvens                                                           4062
2015-10-05 16:44:31|  29.7|  0.0|STATS |Vegnode                                                                   6975
2015-10-05 16:44:31|  29.7|  0.0|STATS |==============================================================================
2015-10-05 16:44:31|  29.7|  0.0|STATS |Total Features Written                                                   19461
2015-10-05 16:44:31|  29.7|  0.0|STATS |=-=-=-=-=-=-=-=-=-=-=-=-=-=-=-=-=-=-=-=-=-=-=-=-=-=-=-=-=-=-=-=-=-=-=-=-=-=-=-
2015-10-05 16:44:31|  29.7|  0.0|INFORM|Translation was SUCCESSFUL with 0 warning(s) (19461 feature(s) output)
2015-10-05 16:44:31|  29.7|  0.0|INFORM|FME Session Duration: 36.8 seconds. (CPU: 28.8s user, 0.9s system)
2015-10-05 16:44:31|  29.7|  0.0|INFORM|END - ProcessID: 3312, peak process memory usage: 1005464 kB, current process memory usage: 982396 kB
